{"C:\\Users\\Administrator\\Desktop\\Movies\\src\\app.ts": {"path":"C:\\Users\\Administrator\\Desktop\\Movies\\src\\app.ts","statementMap":{"0":{"start":{"line":1,"column":0},"end":{"line":1,"column":68}},"1":{"start":{"line":2,"column":0},"end":{"line":2,"column":32}},"2":{"start":{"line":3,"column":0},"end":{"line":3,"column":37}},"3":{"start":{"line":4,"column":0},"end":{"line":4,"column":41}},"4":{"start":{"line":5,"column":0},"end":{"line":5,"column":24}},"5":{"start":{"line":6,"column":0},"end":{"line":6,"column":28}},"6":{"start":{"line":7,"column":0},"end":{"line":7,"column":43}},"7":{"start":{"line":8,"column":0},"end":{"line":8,"column":41}},"8":{"start":{"line":9,"column":0},"end":{"line":9,"column":54}},"9":{"start":{"line":10,"column":0},"end":{"line":10,"column":54}},"10":{"start":{"line":11,"column":0},"end":{"line":11,"column":54}},"11":{"start":{"line":12,"column":0},"end":{"line":12,"column":60}},"12":{"start":{"line":14,"column":26},"end":{"line":31,"column":2}},"13":{"start":{"line":14,"column":49},"end":{"line":31,"column":2}},"14":{"start":{"line":15,"column":18},"end":{"line":26,"column":4}},"15":{"start":{"line":28,"column":16},"end":{"line":28,"column":37}},"16":{"start":{"line":30,"column":2},"end":{"line":30,"column":64}},"17":{"start":{"line":33,"column":16},"end":{"line":62,"column":2}},"18":{"start":{"line":33,"column":45},"end":{"line":62,"column":2}},"19":{"start":{"line":34,"column":2},"end":{"line":40,"column":3}},"20":{"start":{"line":35,"column":4},"end":{"line":35,"column":78}},"21":{"start":{"line":36,"column":4},"end":{"line":36,"column":40}},"22":{"start":{"line":38,"column":4},"end":{"line":38,"column":60}},"23":{"start":{"line":39,"column":4},"end":{"line":39,"column":14}},"24":{"start":{"line":42,"column":14},"end":{"line":42,"column":23}},"25":{"start":{"line":43,"column":2},"end":{"line":43,"column":29}},"26":{"start":{"line":44,"column":2},"end":{"line":44,"column":53}},"27":{"start":{"line":45,"column":2},"end":{"line":45,"column":18}},"28":{"start":{"line":46,"column":2},"end":{"line":46,"column":25}},"29":{"start":{"line":47,"column":2},"end":{"line":47,"column":35}},"30":{"start":{"line":49,"column":2},"end":{"line":49,"column":31}},"31":{"start":{"line":50,"column":2},"end":{"line":50,"column":32}},"32":{"start":{"line":51,"column":2},"end":{"line":51,"column":32}},"33":{"start":{"line":53,"column":2},"end":{"line":53,"column":25}},"34":{"start":{"line":55,"column":2},"end":{"line":57,"column":5}},"35":{"start":{"line":56,"column":4},"end":{"line":56,"column":42}},"36":{"start":{"line":59,"column":2},"end":{"line":59,"column":27}},"37":{"start":{"line":61,"column":2},"end":{"line":61,"column":13}},"38":{"start":{"line":64,"column":0},"end":{"line":64,"column":23}}},"fnMap":{"0":{"name":"(anonymous_14)","decl":{"start":{"line":14,"column":26},"end":{"line":14,"column":33}},"loc":{"start":{"line":14,"column":49},"end":{"line":31,"column":2}}},"1":{"name":"(anonymous_15)","decl":{"start":{"line":14,"column":49},"end":{"line":14,"column":null}},"loc":{"start":{"line":14,"column":49},"end":{"line":31,"column":1}}},"2":{"name":"(anonymous_16)","decl":{"start":{"line":33,"column":16},"end":{"line":33,"column":43}},"loc":{"start":{"line":33,"column":45},"end":{"line":62,"column":2}}},"3":{"name":"(anonymous_17)","decl":{"start":{"line":33,"column":45},"end":{"line":33,"column":null}},"loc":{"start":{"line":33,"column":45},"end":{"line":62,"column":1}}},"4":{"name":"(anonymous_18)","decl":{"start":{"line":55,"column":15},"end":{"line":55,"column":16}},"loc":{"start":{"line":55,"column":29},"end":{"line":57,"column":3}}}},"branchMap":{},"s":{"0":3,"1":3,"2":3,"3":3,"4":3,"5":3,"6":3,"7":3,"8":3,"9":3,"10":3,"11":3,"12":3,"13":3,"14":3,"15":3,"16":3,"17":3,"18":3,"19":3,"20":3,"21":3,"22":0,"23":0,"24":3,"25":3,"26":3,"27":3,"28":3,"29":3,"30":3,"31":3,"32":3,"33":3,"34":3,"35":1,"36":3,"37":3,"38":3},"f":{"0":3,"1":3,"2":3,"3":3,"4":1},"b":{}}
,"C:\\Users\\Administrator\\Desktop\\Movies\\src\\common\\authMiddleware.ts": {"path":"C:\\Users\\Administrator\\Desktop\\Movies\\src\\common\\authMiddleware.ts","statementMap":{"0":{"start":{"line":2,"column":0},"end":{"line":2,"column":31}},"1":{"start":{"line":3,"column":0},"end":{"line":3,"column":33}},"2":{"start":{"line":4,"column":0},"end":{"line":4,"column":42}},"3":{"start":{"line":5,"column":0},"end":{"line":5,"column":53}},"4":{"start":{"line":10,"column":23},"end":{"line":32,"column":1}},"5":{"start":{"line":11,"column":21},"end":{"line":11,"column":49}},"6":{"start":{"line":12,"column":16},"end":{"line":12,"column":54}},"7":{"start":{"line":13,"column":2},"end":{"line":13,"column":46}},"8":{"start":{"line":13,"column":14},"end":{"line":13,"column":46}},"9":{"start":{"line":15,"column":2},"end":{"line":22,"column":3}},"10":{"start":{"line":16,"column":42},"end":{"line":16,"column":105}},"11":{"start":{"line":17,"column":4},"end":{"line":17,"column":44}},"12":{"start":{"line":18,"column":4},"end":{"line":18,"column":20}},"13":{"start":{"line":19,"column":4},"end":{"line":19,"column":11}},"14":{"start":{"line":21,"column":4},"end":{"line":21,"column":36}},"15":{"start":{"line":34,"column":0},"end":{"line":34,"column":30}}},"fnMap":{"0":{"name":"(anonymous_1)","decl":{"start":{"line":10,"column":23},"end":{"line":10,"column":24}},"loc":{"start":{"line":10,"column":79},"end":{"line":32,"column":1}}}},"branchMap":{"0":{"loc":{"start":{"line":12,"column":16},"end":{"line":12,"column":54}},"type":"binary-expr","locations":[{"start":{"line":12,"column":16},"end":{"line":12,"column":26}},{"start":{"line":12,"column":30},"end":{"line":12,"column":54}}]},"1":{"loc":{"start":{"line":13,"column":2},"end":{"line":13,"column":46}},"type":"if","locations":[{"start":{"line":13,"column":2},"end":{"line":13,"column":46}}]}},"s":{"0":3,"1":3,"2":3,"3":3,"4":3,"5":14,"6":14,"7":14,"8":2,"9":12,"10":12,"11":10,"12":10,"13":10,"14":2,"15":3},"f":{"0":14},"b":{"0":[14,12],"1":[2]}}
,"C:\\Users\\Administrator\\Desktop\\Movies\\src\\common\\uploadFile.ts": {"path":"C:\\Users\\Administrator\\Desktop\\Movies\\src\\common\\uploadFile.ts","statementMap":{"0":{"start":{"line":1,"column":0},"end":{"line":1,"column":29}},"1":{"start":{"line":3,"column":0},"end":{"line":3,"column":28}},"2":{"start":{"line":4,"column":0},"end":{"line":4,"column":46}},"3":{"start":{"line":6,"column":23},"end":{"line":6,"column":69}},"4":{"start":{"line":8,"column":38},"end":{"line":13,"column":2}},"5":{"start":{"line":11,"column":4},"end":{"line":11,"column":109}},"6":{"start":{"line":15,"column":19},"end":{"line":28,"column":18}},"7":{"start":{"line":19,"column":38},"end":{"line":19,"column":119}},"8":{"start":{"line":20,"column":37},"end":{"line":20,"column":101}},"9":{"start":{"line":22,"column":4},"end":{"line":24,"column":5}},"10":{"start":{"line":23,"column":6},"end":{"line":23,"column":34}},"11":{"start":{"line":26,"column":4},"end":{"line":26,"column":77}},"12":{"start":{"line":30,"column":36},"end":{"line":40,"column":2}},"13":{"start":{"line":30,"column":129},"end":{"line":40,"column":2}},"14":{"start":{"line":31,"column":2},"end":{"line":39,"column":5}},"15":{"start":{"line":32,"column":4},"end":{"line":38,"column":7}},"16":{"start":{"line":33,"column":6},"end":{"line":35,"column":7}},"17":{"start":{"line":34,"column":8},"end":{"line":34,"column":22}},"18":{"start":{"line":37,"column":6},"end":{"line":37,"column":50}},"19":{"start":{"line":30,"column":13},"end":{"line":30,"column":36}}},"fnMap":{"0":{"name":"(anonymous_14)","decl":{"start":{"line":10,"column":2},"end":{"line":10,"column":10}},"loc":{"start":{"line":10,"column":109},"end":{"line":12,"column":3}}},"1":{"name":"(anonymous_15)","decl":{"start":{"line":18,"column":2},"end":{"line":18,"column":12}},"loc":{"start":{"line":18,"column":32},"end":{"line":27,"column":3}}},"2":{"name":"(anonymous_16)","decl":{"start":{"line":30,"column":36},"end":{"line":30,"column":43}},"loc":{"start":{"line":30,"column":129},"end":{"line":40,"column":2}}},"3":{"name":"(anonymous_17)","decl":{"start":{"line":30,"column":129},"end":{"line":30,"column":null}},"loc":{"start":{"line":30,"column":129},"end":{"line":40,"column":1}}},"4":{"name":"(anonymous_18)","decl":{"start":{"line":31,"column":21},"end":{"line":31,"column":22}},"loc":{"start":{"line":31,"column":47},"end":{"line":39,"column":3}}},"5":{"name":"(anonymous_19)","decl":{"start":{"line":32,"column":25},"end":{"line":32,"column":26}},"loc":{"start":{"line":32,"column":35},"end":{"line":38,"column":5}}}},"branchMap":{"0":{"loc":{"start":{"line":22,"column":4},"end":{"line":24,"column":5}},"type":"if","locations":[{"start":{"line":22,"column":4},"end":{"line":24,"column":5}}]},"1":{"loc":{"start":{"line":22,"column":8},"end":{"line":22,"column":43}},"type":"binary-expr","locations":[{"start":{"line":22,"column":8},"end":{"line":22,"column":24}},{"start":{"line":22,"column":28},"end":{"line":22,"column":43}}]},"2":{"loc":{"start":{"line":33,"column":6},"end":{"line":35,"column":7}},"type":"if","locations":[{"start":{"line":33,"column":6},"end":{"line":35,"column":7}}]}},"s":{"0":3,"1":3,"2":3,"3":3,"4":3,"5":0,"6":3,"7":0,"8":0,"9":0,"10":0,"11":0,"12":3,"13":8,"14":8,"15":8,"16":8,"17":0,"18":8,"19":3},"f":{"0":0,"1":0,"2":8,"3":8,"4":8,"5":8},"b":{"0":[0],"1":[0,0],"2":[0]}}
,"C:\\Users\\Administrator\\Desktop\\Movies\\src\\config\\env.config.ts": {"path":"C:\\Users\\Administrator\\Desktop\\Movies\\src\\config\\env.config.ts","statementMap":{"0":{"start":{"line":1,"column":0},"end":{"line":1,"column":26}},"1":{"start":{"line":2,"column":0},"end":{"line":2,"column":28}},"2":{"start":{"line":3,"column":0},"end":{"line":3,"column":90}},"3":{"start":{"line":5,"column":15},"end":{"line":23,"column":2}},"4":{"start":{"line":25,"column":0},"end":{"line":25,"column":22}}},"fnMap":{},"branchMap":{"0":{"loc":{"start":{"line":3,"column":22},"end":{"line":3,"column":86}},"type":"cond-expr","locations":[{"start":{"line":3,"column":67},"end":{"line":3,"column":77}},{"start":{"line":3,"column":80},"end":{"line":3,"column":86}}]},"1":{"loc":{"start":{"line":3,"column":22},"end":{"line":3,"column":54}},"type":"cond-expr","locations":[{"start":{"line":3,"column":42},"end":{"line":3,"column":44}},{"start":{"line":3,"column":42},"end":{"line":3,"column":54}}]},"2":{"loc":{"start":{"line":3,"column":22},"end":{"line":3,"column":44}},"type":"binary-expr","locations":[{"start":{"line":3,"column":22},"end":{"line":3,"column":44}},{"start":{"line":3,"column":42},"end":{"line":3,"column":44}}]}},"s":{"0":3,"1":3,"2":3,"3":3,"4":3},"f":{},"b":{"0":[3,0],"1":[0,3],"2":[3,3]}}
,"C:\\Users\\Administrator\\Desktop\\Movies\\src\\core\\Errors.ts": {"path":"C:\\Users\\Administrator\\Desktop\\Movies\\src\\core\\Errors.ts","statementMap":{"0":{"start":{"line":6,"column":4},"end":{"line":6,"column":27}},"1":{"start":{"line":7,"column":4},"end":{"line":7,"column":21}},"2":{"start":{"line":1,"column":0},"end":{"line":1,"column":13}},"3":{"start":{"line":13,"column":4},"end":{"line":13,"column":24}},"4":{"start":{"line":11,"column":0},"end":{"line":11,"column":13}},"5":{"start":{"line":19,"column":4},"end":{"line":19,"column":24}},"6":{"start":{"line":17,"column":0},"end":{"line":17,"column":13}},"7":{"start":{"line":25,"column":4},"end":{"line":25,"column":24}},"8":{"start":{"line":23,"column":0},"end":{"line":23,"column":13}},"9":{"start":{"line":31,"column":4},"end":{"line":31,"column":24}},"10":{"start":{"line":29,"column":0},"end":{"line":29,"column":13}},"11":{"start":{"line":37,"column":4},"end":{"line":37,"column":24}},"12":{"start":{"line":35,"column":0},"end":{"line":35,"column":13}},"13":{"start":{"line":43,"column":4},"end":{"line":43,"column":24}},"14":{"start":{"line":41,"column":0},"end":{"line":41,"column":13}}},"fnMap":{"0":{"name":"(anonymous_0)","decl":{"start":{"line":5,"column":2},"end":{"line":5,"column":14}},"loc":{"start":{"line":5,"column":43},"end":{"line":8,"column":3}}},"1":{"name":"(anonymous_1)","decl":{"start":{"line":12,"column":2},"end":{"line":12,"column":14}},"loc":{"start":{"line":12,"column":47},"end":{"line":14,"column":3}}},"2":{"name":"(anonymous_2)","decl":{"start":{"line":18,"column":2},"end":{"line":18,"column":14}},"loc":{"start":{"line":18,"column":38},"end":{"line":20,"column":3}}},"3":{"name":"(anonymous_3)","decl":{"start":{"line":24,"column":2},"end":{"line":24,"column":14}},"loc":{"start":{"line":24,"column":44},"end":{"line":26,"column":3}}},"4":{"name":"(anonymous_4)","decl":{"start":{"line":30,"column":2},"end":{"line":30,"column":14}},"loc":{"start":{"line":30,"column":37},"end":{"line":32,"column":3}}},"5":{"name":"(anonymous_5)","decl":{"start":{"line":36,"column":2},"end":{"line":36,"column":14}},"loc":{"start":{"line":36,"column":37},"end":{"line":38,"column":3}}},"6":{"name":"(anonymous_6)","decl":{"start":{"line":42,"column":2},"end":{"line":42,"column":14}},"loc":{"start":{"line":42,"column":35},"end":{"line":44,"column":3}}}},"branchMap":{"0":{"loc":{"start":{"line":12,"column":14},"end":{"line":12,"column":47}},"type":"default-arg","locations":[{"start":{"line":12,"column":24},"end":{"line":12,"column":47}}]},"1":{"loc":{"start":{"line":18,"column":14},"end":{"line":18,"column":38}},"type":"default-arg","locations":[{"start":{"line":18,"column":24},"end":{"line":18,"column":38}}]},"2":{"loc":{"start":{"line":24,"column":14},"end":{"line":24,"column":44}},"type":"default-arg","locations":[{"start":{"line":24,"column":24},"end":{"line":24,"column":44}}]},"3":{"loc":{"start":{"line":30,"column":14},"end":{"line":30,"column":37}},"type":"default-arg","locations":[{"start":{"line":30,"column":24},"end":{"line":30,"column":37}}]},"4":{"loc":{"start":{"line":36,"column":14},"end":{"line":36,"column":37}},"type":"default-arg","locations":[{"start":{"line":36,"column":24},"end":{"line":36,"column":37}}]},"5":{"loc":{"start":{"line":42,"column":14},"end":{"line":42,"column":35}},"type":"default-arg","locations":[{"start":{"line":42,"column":24},"end":{"line":42,"column":35}}]}},"s":{"0":15,"1":15,"2":3,"3":0,"4":3,"5":9,"6":3,"7":0,"8":3,"9":5,"10":3,"11":0,"12":3,"13":1,"14":3},"f":{"0":15,"1":0,"2":9,"3":0,"4":5,"5":0,"6":1},"b":{"0":[0],"1":[8],"2":[0],"3":[0],"4":[0],"5":[0]}}
,"C:\\Users\\Administrator\\Desktop\\Movies\\src\\express\\errorMiddleware.ts": {"path":"C:\\Users\\Administrator\\Desktop\\Movies\\src\\express\\errorMiddleware.ts","statementMap":{"0":{"start":{"line":4,"column":31},"end":{"line":9,"column":2}},"1":{"start":{"line":4,"column":126},"end":{"line":9,"column":2}},"2":{"start":{"line":5,"column":2},"end":{"line":5,"column":39}},"3":{"start":{"line":6,"column":2},"end":{"line":6,"column":93}},"4":{"start":{"line":8,"column":2},"end":{"line":8,"column":9}},"5":{"start":{"line":4,"column":13},"end":{"line":4,"column":31}}},"fnMap":{"0":{"name":"(anonymous_7)","decl":{"start":{"line":4,"column":31},"end":{"line":4,"column":38}},"loc":{"start":{"line":4,"column":126},"end":{"line":9,"column":2}}},"1":{"name":"(anonymous_8)","decl":{"start":{"line":4,"column":126},"end":{"line":4,"column":null}},"loc":{"start":{"line":4,"column":126},"end":{"line":9,"column":1}}}},"branchMap":{"0":{"loc":{"start":{"line":6,"column":13},"end":{"line":6,"column":31}},"type":"binary-expr","locations":[{"start":{"line":6,"column":13},"end":{"line":6,"column":24}},{"start":{"line":6,"column":28},"end":{"line":6,"column":31}}]},"1":{"loc":{"start":{"line":6,"column":49},"end":{"line":6,"column":89}},"type":"binary-expr","locations":[{"start":{"line":6,"column":49},"end":{"line":6,"column":62}},{"start":{"line":6,"column":66},"end":{"line":6,"column":89}}]}},"s":{"0":3,"1":13,"2":13,"3":13,"4":13,"5":3},"f":{"0":13,"1":13},"b":{"0":[13,0],"1":[13,0]}}
,"C:\\Users\\Administrator\\Desktop\\Movies\\src\\express\\controllers\\auth.controller.ts": {"path":"C:\\Users\\Administrator\\Desktop\\Movies\\src\\express\\controllers\\auth.controller.ts","statementMap":{"0":{"start":{"line":1,"column":0},"end":{"line":1,"column":63}},"1":{"start":{"line":3,"column":0},"end":{"line":3,"column":56}},"2":{"start":{"line":4,"column":0},"end":{"line":4,"column":30}},"3":{"start":{"line":5,"column":0},"end":{"line":5,"column":31}},"4":{"start":{"line":7,"column":0},"end":{"line":7,"column":51}},"5":{"start":{"line":8,"column":0},"end":{"line":8,"column":45}},"6":{"start":{"line":9,"column":0},"end":{"line":9,"column":33}},"7":{"start":{"line":10,"column":0},"end":{"line":10,"column":88}},"8":{"start":{"line":11,"column":0},"end":{"line":11,"column":20}},"9":{"start":{"line":13,"column":15},"end":{"line":13,"column":33}},"10":{"start":{"line":15,"column":24},"end":{"line":46,"column":2}},"11":{"start":{"line":15,"column":62},"end":{"line":46,"column":2}},"12":{"start":{"line":18,"column":2},"end":{"line":22,"column":3}},"13":{"start":{"line":19,"column":4},"end":{"line":19,"column":56}},"14":{"start":{"line":21,"column":4},"end":{"line":21,"column":43}},"15":{"start":{"line":24,"column":40},"end":{"line":24,"column":48}},"16":{"start":{"line":25,"column":2},"end":{"line":28,"column":3}},"17":{"start":{"line":26,"column":4},"end":{"line":26,"column":89}},"18":{"start":{"line":26,"column":28},"end":{"line":26,"column":89}},"19":{"start":{"line":27,"column":4},"end":{"line":27,"column":92}},"20":{"start":{"line":30,"column":19},"end":{"line":30,"column":54}},"21":{"start":{"line":31,"column":2},"end":{"line":34,"column":3}},"22":{"start":{"line":32,"column":4},"end":{"line":32,"column":89}},"23":{"start":{"line":32,"column":28},"end":{"line":32,"column":89}},"24":{"start":{"line":33,"column":4},"end":{"line":33,"column":54}},"25":{"start":{"line":36,"column":2},"end":{"line":36,"column":57}},"26":{"start":{"line":37,"column":2},"end":{"line":40,"column":3}},"27":{"start":{"line":38,"column":4},"end":{"line":38,"column":89}},"28":{"start":{"line":38,"column":28},"end":{"line":38,"column":89}},"29":{"start":{"line":39,"column":4},"end":{"line":39,"column":57}},"30":{"start":{"line":42,"column":15},"end":{"line":42,"column":39}},"31":{"start":{"line":43,"column":28},"end":{"line":43,"column":61}},"32":{"start":{"line":44,"column":15},"end":{"line":44,"column":132}},"33":{"start":{"line":45,"column":2},"end":{"line":45,"column":17}},"34":{"start":{"line":15,"column":13},"end":{"line":15,"column":24}},"35":{"start":{"line":48,"column":21},"end":{"line":69,"column":2}},"36":{"start":{"line":48,"column":59},"end":{"line":69,"column":2}},"37":{"start":{"line":49,"column":30},"end":{"line":49,"column":38}},"38":{"start":{"line":50,"column":2},"end":{"line":52,"column":3}},"39":{"start":{"line":51,"column":4},"end":{"line":51,"column":59}},"40":{"start":{"line":54,"column":29},"end":{"line":54,"column":64}},"41":{"start":{"line":55,"column":2},"end":{"line":57,"column":3}},"42":{"start":{"line":56,"column":4},"end":{"line":56,"column":69}},"43":{"start":{"line":59,"column":16},"end":{"line":59,"column":61}},"44":{"start":{"line":60,"column":2},"end":{"line":62,"column":3}},"45":{"start":{"line":61,"column":4},"end":{"line":61,"column":69}},"46":{"start":{"line":64,"column":22},"end":{"line":64,"column":106}},"47":{"start":{"line":65,"column":23},"end":{"line":65,"column":76}},"48":{"start":{"line":66,"column":2},"end":{"line":66,"column":71}},"49":{"start":{"line":68,"column":2},"end":{"line":68,"column":49}},"50":{"start":{"line":48,"column":13},"end":{"line":48,"column":21}},"51":{"start":{"line":71,"column":22},"end":{"line":89,"column":2}},"52":{"start":{"line":71,"column":60},"end":{"line":89,"column":2}},"53":{"start":{"line":72,"column":21},"end":{"line":72,"column":46}},"54":{"start":{"line":73,"column":23},"end":{"line":73,"column":61}},"55":{"start":{"line":74,"column":2},"end":{"line":74,"column":53}},"56":{"start":{"line":74,"column":21},"end":{"line":74,"column":53}},"57":{"start":{"line":76,"column":2},"end":{"line":88,"column":3}},"58":{"start":{"line":77,"column":17},"end":{"line":77,"column":86}},"59":{"start":{"line":78,"column":19},"end":{"line":78,"column":74}},"60":{"start":{"line":80,"column":4},"end":{"line":85,"column":5}},"61":{"start":{"line":81,"column":6},"end":{"line":81,"column":53}},"62":{"start":{"line":82,"column":6},"end":{"line":82,"column":38}},"63":{"start":{"line":84,"column":6},"end":{"line":84,"column":77}},"64":{"start":{"line":87,"column":4},"end":{"line":87,"column":36}},"65":{"start":{"line":71,"column":13},"end":{"line":71,"column":22}},"66":{"start":{"line":91,"column":23},"end":{"line":118,"column":2}},"67":{"start":{"line":91,"column":61},"end":{"line":118,"column":2}},"68":{"start":{"line":92,"column":21},"end":{"line":92,"column":46}},"69":{"start":{"line":93,"column":23},"end":{"line":93,"column":61}},"70":{"start":{"line":95,"column":2},"end":{"line":95,"column":53}},"71":{"start":{"line":95,"column":21},"end":{"line":95,"column":53}},"72":{"start":{"line":97,"column":2},"end":{"line":117,"column":3}},"73":{"start":{"line":98,"column":17},"end":{"line":98,"column":86}},"74":{"start":{"line":99,"column":19},"end":{"line":99,"column":74}},"75":{"start":{"line":101,"column":4},"end":{"line":104,"column":5}},"76":{"start":{"line":102,"column":6},"end":{"line":102,"column":53}},"77":{"start":{"line":103,"column":6},"end":{"line":103,"column":38}},"78":{"start":{"line":106,"column":24},"end":{"line":106,"column":108}},"79":{"start":{"line":107,"column":28},"end":{"line":107,"column":81}},"80":{"start":{"line":108,"column":4},"end":{"line":108,"column":65}},"81":{"start":{"line":109,"column":4},"end":{"line":109,"column":65}},"82":{"start":{"line":111,"column":4},"end":{"line":114,"column":7}},"83":{"start":{"line":116,"column":4},"end":{"line":116,"column":36}},"84":{"start":{"line":91,"column":13},"end":{"line":91,"column":23}},"85":{"start":{"line":120,"column":31},"end":{"line":145,"column":2}},"86":{"start":{"line":120,"column":69},"end":{"line":145,"column":2}},"87":{"start":{"line":121,"column":20},"end":{"line":121,"column":28}},"88":{"start":{"line":123,"column":2},"end":{"line":144,"column":3}},"89":{"start":{"line":124,"column":19},"end":{"line":127,"column":6}},"90":{"start":{"line":129,"column":20},"end":{"line":129,"column":39}},"91":{"start":{"line":131,"column":29},"end":{"line":131,"column":73}},"92":{"start":{"line":133,"column":4},"end":{"line":135,"column":5}},"93":{"start":{"line":134,"column":6},"end":{"line":134,"column":90}},"94":{"start":{"line":137,"column":24},"end":{"line":137,"column":108}},"95":{"start":{"line":138,"column":25},"end":{"line":138,"column":78}},"96":{"start":{"line":139,"column":4},"end":{"line":139,"column":73}},"97":{"start":{"line":141,"column":4},"end":{"line":141,"column":44}},"98":{"start":{"line":143,"column":4},"end":{"line":143,"column":60}},"99":{"start":{"line":120,"column":13},"end":{"line":120,"column":31}}},"fnMap":{"0":{"name":"(anonymous_14)","decl":{"start":{"line":15,"column":24},"end":{"line":15,"column":31}},"loc":{"start":{"line":15,"column":62},"end":{"line":46,"column":2}}},"1":{"name":"(anonymous_15)","decl":{"start":{"line":15,"column":62},"end":{"line":15,"column":null}},"loc":{"start":{"line":15,"column":62},"end":{"line":46,"column":1}}},"2":{"name":"(anonymous_16)","decl":{"start":{"line":48,"column":21},"end":{"line":48,"column":28}},"loc":{"start":{"line":48,"column":59},"end":{"line":69,"column":2}}},"3":{"name":"(anonymous_17)","decl":{"start":{"line":48,"column":59},"end":{"line":48,"column":null}},"loc":{"start":{"line":48,"column":59},"end":{"line":69,"column":1}}},"4":{"name":"(anonymous_18)","decl":{"start":{"line":71,"column":22},"end":{"line":71,"column":29}},"loc":{"start":{"line":71,"column":60},"end":{"line":89,"column":2}}},"5":{"name":"(anonymous_19)","decl":{"start":{"line":71,"column":60},"end":{"line":71,"column":null}},"loc":{"start":{"line":71,"column":60},"end":{"line":89,"column":1}}},"6":{"name":"(anonymous_20)","decl":{"start":{"line":91,"column":23},"end":{"line":91,"column":30}},"loc":{"start":{"line":91,"column":61},"end":{"line":118,"column":2}}},"7":{"name":"(anonymous_21)","decl":{"start":{"line":91,"column":61},"end":{"line":91,"column":null}},"loc":{"start":{"line":91,"column":61},"end":{"line":118,"column":1}}},"8":{"name":"(anonymous_22)","decl":{"start":{"line":120,"column":31},"end":{"line":120,"column":38}},"loc":{"start":{"line":120,"column":69},"end":{"line":145,"column":2}}},"9":{"name":"(anonymous_23)","decl":{"start":{"line":120,"column":69},"end":{"line":120,"column":null}},"loc":{"start":{"line":120,"column":69},"end":{"line":145,"column":1}}}},"branchMap":{"0":{"loc":{"start":{"line":25,"column":2},"end":{"line":28,"column":3}},"type":"if","locations":[{"start":{"line":25,"column":2},"end":{"line":28,"column":3}}]},"1":{"loc":{"start":{"line":25,"column":6},"end":{"line":25,"column":38}},"type":"binary-expr","locations":[{"start":{"line":25,"column":6},"end":{"line":25,"column":12}},{"start":{"line":25,"column":16},"end":{"line":25,"column":25}},{"start":{"line":25,"column":29},"end":{"line":25,"column":38}}]},"2":{"loc":{"start":{"line":26,"column":4},"end":{"line":26,"column":89}},"type":"if","locations":[{"start":{"line":26,"column":4},"end":{"line":26,"column":89}}]},"3":{"loc":{"start":{"line":26,"column":8},"end":{"line":26,"column":26}},"type":"cond-expr","locations":[{"start":{"line":26,"column":20},"end":{"line":26,"column":22}},{"start":{"line":26,"column":8},"end":{"line":26,"column":26}}]},"4":{"loc":{"start":{"line":26,"column":8},"end":{"line":26,"column":22}},"type":"binary-expr","locations":[{"start":{"line":26,"column":8},"end":{"line":26,"column":22}},{"start":{"line":26,"column":8},"end":{"line":26,"column":22}}]},"5":{"loc":{"start":{"line":31,"column":2},"end":{"line":34,"column":3}},"type":"if","locations":[{"start":{"line":31,"column":2},"end":{"line":34,"column":3}}]},"6":{"loc":{"start":{"line":32,"column":4},"end":{"line":32,"column":89}},"type":"if","locations":[{"start":{"line":32,"column":4},"end":{"line":32,"column":89}}]},"7":{"loc":{"start":{"line":32,"column":8},"end":{"line":32,"column":26}},"type":"cond-expr","locations":[{"start":{"line":32,"column":20},"end":{"line":32,"column":22}},{"start":{"line":32,"column":8},"end":{"line":32,"column":26}}]},"8":{"loc":{"start":{"line":32,"column":8},"end":{"line":32,"column":22}},"type":"binary-expr","locations":[{"start":{"line":32,"column":8},"end":{"line":32,"column":22}},{"start":{"line":32,"column":8},"end":{"line":32,"column":22}}]},"9":{"loc":{"start":{"line":37,"column":2},"end":{"line":40,"column":3}},"type":"if","locations":[{"start":{"line":37,"column":2},"end":{"line":40,"column":3}}]},"10":{"loc":{"start":{"line":38,"column":4},"end":{"line":38,"column":89}},"type":"if","locations":[{"start":{"line":38,"column":4},"end":{"line":38,"column":89}}]},"11":{"loc":{"start":{"line":38,"column":8},"end":{"line":38,"column":26}},"type":"cond-expr","locations":[{"start":{"line":38,"column":20},"end":{"line":38,"column":22}},{"start":{"line":38,"column":8},"end":{"line":38,"column":26}}]},"12":{"loc":{"start":{"line":38,"column":8},"end":{"line":38,"column":22}},"type":"binary-expr","locations":[{"start":{"line":38,"column":8},"end":{"line":38,"column":22}},{"start":{"line":38,"column":8},"end":{"line":38,"column":22}}]},"13":{"loc":{"start":{"line":44,"column":102},"end":{"line":44,"column":129}},"type":"cond-expr","locations":[{"start":{"line":44,"column":119},"end":{"line":44,"column":121}},{"start":{"line":44,"column":119},"end":{"line":44,"column":129}}]},"14":{"loc":{"start":{"line":44,"column":102},"end":{"line":44,"column":121}},"type":"binary-expr","locations":[{"start":{"line":44,"column":102},"end":{"line":44,"column":121}},{"start":{"line":44,"column":119},"end":{"line":44,"column":121}}]},"15":{"loc":{"start":{"line":50,"column":2},"end":{"line":52,"column":3}},"type":"if","locations":[{"start":{"line":50,"column":2},"end":{"line":52,"column":3}}]},"16":{"loc":{"start":{"line":50,"column":6},"end":{"line":50,"column":25}},"type":"binary-expr","locations":[{"start":{"line":50,"column":6},"end":{"line":50,"column":12}},{"start":{"line":50,"column":16},"end":{"line":50,"column":25}}]},"17":{"loc":{"start":{"line":55,"column":2},"end":{"line":57,"column":3}},"type":"if","locations":[{"start":{"line":55,"column":2},"end":{"line":57,"column":3}}]},"18":{"loc":{"start":{"line":60,"column":2},"end":{"line":62,"column":3}},"type":"if","locations":[{"start":{"line":60,"column":2},"end":{"line":62,"column":3}}]},"19":{"loc":{"start":{"line":73,"column":23},"end":{"line":73,"column":61}},"type":"binary-expr","locations":[{"start":{"line":73,"column":23},"end":{"line":73,"column":33}},{"start":{"line":73,"column":37},"end":{"line":73,"column":61}}]},"20":{"loc":{"start":{"line":74,"column":2},"end":{"line":74,"column":53}},"type":"if","locations":[{"start":{"line":74,"column":2},"end":{"line":74,"column":53}}]},"21":{"loc":{"start":{"line":80,"column":4},"end":{"line":85,"column":5}},"type":"if","locations":[{"start":{"line":80,"column":4},"end":{"line":85,"column":5}},{"start":{"line":83,"column":11},"end":{"line":85,"column":5}}]},"22":{"loc":{"start":{"line":80,"column":8},"end":{"line":80,"column":77}},"type":"binary-expr","locations":[{"start":{"line":80,"column":8},"end":{"line":80,"column":29}},{"start":{"line":80,"column":33},"end":{"line":80,"column":77}}]},"23":{"loc":{"start":{"line":93,"column":23},"end":{"line":93,"column":61}},"type":"binary-expr","locations":[{"start":{"line":93,"column":23},"end":{"line":93,"column":33}},{"start":{"line":93,"column":37},"end":{"line":93,"column":61}}]},"24":{"loc":{"start":{"line":95,"column":2},"end":{"line":95,"column":53}},"type":"if","locations":[{"start":{"line":95,"column":2},"end":{"line":95,"column":53}}]},"25":{"loc":{"start":{"line":101,"column":4},"end":{"line":104,"column":5}},"type":"if","locations":[{"start":{"line":101,"column":4},"end":{"line":104,"column":5}}]},"26":{"loc":{"start":{"line":101,"column":8},"end":{"line":101,"column":77}},"type":"binary-expr","locations":[{"start":{"line":101,"column":8},"end":{"line":101,"column":29}},{"start":{"line":101,"column":33},"end":{"line":101,"column":77}}]},"27":{"loc":{"start":{"line":131,"column":58},"end":{"line":131,"column":72}},"type":"cond-expr","locations":[{"start":{"line":131,"column":65},"end":{"line":131,"column":67}},{"start":{"line":131,"column":58},"end":{"line":131,"column":72}}]},"28":{"loc":{"start":{"line":131,"column":58},"end":{"line":131,"column":67}},"type":"binary-expr","locations":[{"start":{"line":131,"column":58},"end":{"line":131,"column":67}},{"start":{"line":131,"column":58},"end":{"line":131,"column":67}}]},"29":{"loc":{"start":{"line":133,"column":4},"end":{"line":135,"column":5}},"type":"if","locations":[{"start":{"line":133,"column":4},"end":{"line":135,"column":5}}]},"30":{"loc":{"start":{"line":134,"column":47},"end":{"line":134,"column":61}},"type":"cond-expr","locations":[{"start":{"line":134,"column":54},"end":{"line":134,"column":56}},{"start":{"line":134,"column":47},"end":{"line":134,"column":61}}]},"31":{"loc":{"start":{"line":134,"column":47},"end":{"line":134,"column":56}},"type":"binary-expr","locations":[{"start":{"line":134,"column":47},"end":{"line":134,"column":56}},{"start":{"line":134,"column":47},"end":{"line":134,"column":56}}]},"32":{"loc":{"start":{"line":134,"column":73},"end":{"line":134,"column":86}},"type":"cond-expr","locations":[{"start":{"line":134,"column":80},"end":{"line":134,"column":82}},{"start":{"line":134,"column":73},"end":{"line":134,"column":86}}]},"33":{"loc":{"start":{"line":134,"column":73},"end":{"line":134,"column":82}},"type":"binary-expr","locations":[{"start":{"line":134,"column":73},"end":{"line":134,"column":82}},{"start":{"line":134,"column":73},"end":{"line":134,"column":82}}]}},"s":{"0":3,"1":3,"2":3,"3":3,"4":3,"5":3,"6":3,"7":3,"8":3,"9":3,"10":3,"11":5,"12":5,"13":5,"14":0,"15":5,"16":5,"17":1,"18":0,"19":1,"20":4,"21":4,"22":1,"23":0,"24":1,"25":3,"26":3,"27":0,"28":0,"29":0,"30":3,"31":3,"32":3,"33":3,"34":3,"35":3,"36":6,"37":6,"38":6,"39":1,"40":5,"41":5,"42":0,"43":5,"44":5,"45":1,"46":4,"47":4,"48":4,"49":4,"50":3,"51":3,"52":1,"53":1,"54":1,"55":1,"56":0,"57":1,"58":1,"59":1,"60":1,"61":0,"62":0,"63":1,"64":0,"65":3,"66":3,"67":3,"68":3,"69":3,"70":3,"71":0,"72":3,"73":3,"74":3,"75":3,"76":2,"77":2,"78":1,"79":1,"80":1,"81":1,"82":1,"83":2,"84":3,"85":3,"86":0,"87":0,"88":0,"89":0,"90":0,"91":0,"92":0,"93":0,"94":0,"95":0,"96":0,"97":0,"98":0,"99":3},"f":{"0":5,"1":5,"2":6,"3":6,"4":1,"5":1,"6":3,"7":3,"8":0,"9":0},"b":{"0":[1],"1":[5,5,4],"2":[0],"3":[0,1],"4":[1,1],"5":[1],"6":[0],"7":[0,1],"8":[1,1],"9":[0],"10":[0],"11":[0,0],"12":[0,0],"13":[3,0],"14":[3,3],"15":[1],"16":[6,5],"17":[0],"18":[1],"19":[1,1],"20":[0],"21":[0,1],"22":[1,1],"23":[3,3],"24":[0],"25":[2],"26":[3,3],"27":[0,0],"28":[0,0],"29":[0],"30":[0,0],"31":[0,0],"32":[0,0],"33":[0,0]}}
,"C:\\Users\\Administrator\\Desktop\\Movies\\src\\express\\controllers\\post.controller.ts": {"path":"C:\\Users\\Administrator\\Desktop\\Movies\\src\\express\\controllers\\post.controller.ts","statementMap":{"0":{"start":{"line":1,"column":0},"end":{"line":1,"column":63}},"1":{"start":{"line":3,"column":0},"end":{"line":3,"column":56}},"2":{"start":{"line":5,"column":0},"end":{"line":5,"column":98}},"3":{"start":{"line":6,"column":0},"end":{"line":6,"column":20}},"4":{"start":{"line":7,"column":0},"end":{"line":7,"column":33}},"5":{"start":{"line":9,"column":19},"end":{"line":16,"column":2}},"6":{"start":{"line":9,"column":61},"end":{"line":16,"column":2}},"7":{"start":{"line":10,"column":26},"end":{"line":10,"column":35}},"8":{"start":{"line":11,"column":2},"end":{"line":13,"column":3}},"9":{"start":{"line":12,"column":4},"end":{"line":12,"column":55}},"10":{"start":{"line":15,"column":2},"end":{"line":15,"column":61}},"11":{"start":{"line":9,"column":13},"end":{"line":9,"column":19}},"12":{"start":{"line":18,"column":26},"end":{"line":20,"column":2}},"13":{"start":{"line":18,"column":68},"end":{"line":20,"column":2}},"14":{"start":{"line":19,"column":2},"end":{"line":19,"column":56}},"15":{"start":{"line":18,"column":13},"end":{"line":18,"column":26}},"16":{"start":{"line":22,"column":26},"end":{"line":37,"column":2}},"17":{"start":{"line":22,"column":68},"end":{"line":37,"column":2}},"18":{"start":{"line":23,"column":15},"end":{"line":23,"column":75}},"19":{"start":{"line":24,"column":2},"end":{"line":26,"column":3}},"20":{"start":{"line":25,"column":4},"end":{"line":25,"column":46}},"21":{"start":{"line":28,"column":2},"end":{"line":30,"column":3}},"22":{"start":{"line":29,"column":4},"end":{"line":29,"column":67}},"23":{"start":{"line":32,"column":2},"end":{"line":34,"column":3}},"24":{"start":{"line":33,"column":4},"end":{"line":33,"column":64}},"25":{"start":{"line":36,"column":2},"end":{"line":36,"column":66}},"26":{"start":{"line":22,"column":13},"end":{"line":22,"column":26}},"27":{"start":{"line":39,"column":26},"end":{"line":47,"column":2}},"28":{"start":{"line":39,"column":68},"end":{"line":47,"column":2}},"29":{"start":{"line":40,"column":17},"end":{"line":40,"column":27}},"30":{"start":{"line":41,"column":22},"end":{"line":41,"column":30}},"31":{"start":{"line":42,"column":2},"end":{"line":44,"column":3}},"32":{"start":{"line":43,"column":4},"end":{"line":43,"column":49}},"33":{"start":{"line":46,"column":2},"end":{"line":46,"column":68}},"34":{"start":{"line":39,"column":13},"end":{"line":39,"column":26}},"35":{"start":{"line":49,"column":23},"end":{"line":51,"column":2}},"36":{"start":{"line":49,"column":65},"end":{"line":51,"column":2}},"37":{"start":{"line":50,"column":2},"end":{"line":50,"column":73}},"38":{"start":{"line":49,"column":13},"end":{"line":49,"column":23}},"39":{"start":{"line":53,"column":22},"end":{"line":80,"column":2}},"40":{"start":{"line":53,"column":64},"end":{"line":80,"column":2}},"41":{"start":{"line":56,"column":2},"end":{"line":60,"column":3}},"42":{"start":{"line":57,"column":4},"end":{"line":57,"column":56}},"43":{"start":{"line":59,"column":4},"end":{"line":59,"column":43}},"44":{"start":{"line":62,"column":41},"end":{"line":62,"column":49}},"45":{"start":{"line":64,"column":2},"end":{"line":67,"column":3}},"46":{"start":{"line":65,"column":4},"end":{"line":65,"column":89}},"47":{"start":{"line":65,"column":28},"end":{"line":65,"column":89}},"48":{"start":{"line":66,"column":4},"end":{"line":66,"column":94}},"49":{"start":{"line":69,"column":2},"end":{"line":79,"column":4}},"50":{"start":{"line":53,"column":13},"end":{"line":53,"column":22}},"51":{"start":{"line":82,"column":26},"end":{"line":93,"column":2}},"52":{"start":{"line":82,"column":68},"end":{"line":93,"column":2}},"53":{"start":{"line":83,"column":15},"end":{"line":83,"column":75}},"54":{"start":{"line":84,"column":2},"end":{"line":86,"column":3}},"55":{"start":{"line":85,"column":4},"end":{"line":85,"column":46}},"56":{"start":{"line":88,"column":2},"end":{"line":90,"column":3}},"57":{"start":{"line":89,"column":4},"end":{"line":89,"column":67}},"58":{"start":{"line":92,"column":2},"end":{"line":92,"column":56}},"59":{"start":{"line":82,"column":13},"end":{"line":82,"column":26}}},"fnMap":{"0":{"name":"(anonymous_14)","decl":{"start":{"line":9,"column":19},"end":{"line":9,"column":26}},"loc":{"start":{"line":9,"column":61},"end":{"line":16,"column":2}}},"1":{"name":"(anonymous_15)","decl":{"start":{"line":9,"column":61},"end":{"line":9,"column":null}},"loc":{"start":{"line":9,"column":61},"end":{"line":16,"column":1}}},"2":{"name":"(anonymous_16)","decl":{"start":{"line":18,"column":26},"end":{"line":18,"column":33}},"loc":{"start":{"line":18,"column":68},"end":{"line":20,"column":2}}},"3":{"name":"(anonymous_17)","decl":{"start":{"line":18,"column":68},"end":{"line":18,"column":null}},"loc":{"start":{"line":18,"column":68},"end":{"line":20,"column":1}}},"4":{"name":"(anonymous_18)","decl":{"start":{"line":22,"column":26},"end":{"line":22,"column":33}},"loc":{"start":{"line":22,"column":68},"end":{"line":37,"column":2}}},"5":{"name":"(anonymous_19)","decl":{"start":{"line":22,"column":68},"end":{"line":22,"column":null}},"loc":{"start":{"line":22,"column":68},"end":{"line":37,"column":1}}},"6":{"name":"(anonymous_20)","decl":{"start":{"line":39,"column":26},"end":{"line":39,"column":33}},"loc":{"start":{"line":39,"column":68},"end":{"line":47,"column":2}}},"7":{"name":"(anonymous_21)","decl":{"start":{"line":39,"column":68},"end":{"line":39,"column":null}},"loc":{"start":{"line":39,"column":68},"end":{"line":47,"column":1}}},"8":{"name":"(anonymous_22)","decl":{"start":{"line":49,"column":23},"end":{"line":49,"column":30}},"loc":{"start":{"line":49,"column":65},"end":{"line":51,"column":2}}},"9":{"name":"(anonymous_23)","decl":{"start":{"line":49,"column":65},"end":{"line":49,"column":null}},"loc":{"start":{"line":49,"column":65},"end":{"line":51,"column":1}}},"10":{"name":"(anonymous_24)","decl":{"start":{"line":53,"column":22},"end":{"line":53,"column":29}},"loc":{"start":{"line":53,"column":64},"end":{"line":80,"column":2}}},"11":{"name":"(anonymous_25)","decl":{"start":{"line":53,"column":64},"end":{"line":53,"column":null}},"loc":{"start":{"line":53,"column":64},"end":{"line":80,"column":1}}},"12":{"name":"(anonymous_26)","decl":{"start":{"line":82,"column":26},"end":{"line":82,"column":33}},"loc":{"start":{"line":82,"column":68},"end":{"line":93,"column":2}}},"13":{"name":"(anonymous_27)","decl":{"start":{"line":82,"column":68},"end":{"line":82,"column":null}},"loc":{"start":{"line":82,"column":68},"end":{"line":93,"column":1}}}},"branchMap":{"0":{"loc":{"start":{"line":11,"column":2},"end":{"line":13,"column":3}},"type":"if","locations":[{"start":{"line":11,"column":2},"end":{"line":13,"column":3}}]},"1":{"loc":{"start":{"line":11,"column":6},"end":{"line":11,"column":23}},"type":"binary-expr","locations":[{"start":{"line":11,"column":6},"end":{"line":11,"column":12}},{"start":{"line":11,"column":16},"end":{"line":11,"column":23}}]},"2":{"loc":{"start":{"line":24,"column":2},"end":{"line":26,"column":3}},"type":"if","locations":[{"start":{"line":24,"column":2},"end":{"line":26,"column":3}}]},"3":{"loc":{"start":{"line":28,"column":2},"end":{"line":30,"column":3}},"type":"if","locations":[{"start":{"line":28,"column":2},"end":{"line":30,"column":3}}]},"4":{"loc":{"start":{"line":32,"column":2},"end":{"line":34,"column":3}},"type":"if","locations":[{"start":{"line":32,"column":2},"end":{"line":34,"column":3}}]},"5":{"loc":{"start":{"line":32,"column":6},"end":{"line":32,"column":59}},"type":"binary-expr","locations":[{"start":{"line":32,"column":6},"end":{"line":32,"column":38}},{"start":{"line":32,"column":42},"end":{"line":32,"column":59}}]},"6":{"loc":{"start":{"line":42,"column":2},"end":{"line":44,"column":3}},"type":"if","locations":[{"start":{"line":42,"column":2},"end":{"line":44,"column":3}}]},"7":{"loc":{"start":{"line":64,"column":2},"end":{"line":67,"column":3}},"type":"if","locations":[{"start":{"line":64,"column":2},"end":{"line":67,"column":3}}]},"8":{"loc":{"start":{"line":64,"column":6},"end":{"line":64,"column":39}},"type":"binary-expr","locations":[{"start":{"line":64,"column":6},"end":{"line":64,"column":16}},{"start":{"line":64,"column":20},"end":{"line":64,"column":28}},{"start":{"line":64,"column":32},"end":{"line":64,"column":39}}]},"9":{"loc":{"start":{"line":65,"column":4},"end":{"line":65,"column":89}},"type":"if","locations":[{"start":{"line":65,"column":4},"end":{"line":65,"column":89}}]},"10":{"loc":{"start":{"line":65,"column":8},"end":{"line":65,"column":26}},"type":"cond-expr","locations":[{"start":{"line":65,"column":20},"end":{"line":65,"column":22}},{"start":{"line":65,"column":8},"end":{"line":65,"column":26}}]},"11":{"loc":{"start":{"line":65,"column":8},"end":{"line":65,"column":22}},"type":"binary-expr","locations":[{"start":{"line":65,"column":8},"end":{"line":65,"column":22}},{"start":{"line":65,"column":8},"end":{"line":65,"column":22}}]},"12":{"loc":{"start":{"line":74,"column":17},"end":{"line":74,"column":44}},"type":"cond-expr","locations":[{"start":{"line":74,"column":34},"end":{"line":74,"column":36}},{"start":{"line":74,"column":34},"end":{"line":74,"column":44}}]},"13":{"loc":{"start":{"line":74,"column":17},"end":{"line":74,"column":36}},"type":"binary-expr","locations":[{"start":{"line":74,"column":17},"end":{"line":74,"column":36}},{"start":{"line":74,"column":34},"end":{"line":74,"column":36}}]},"14":{"loc":{"start":{"line":84,"column":2},"end":{"line":86,"column":3}},"type":"if","locations":[{"start":{"line":84,"column":2},"end":{"line":86,"column":3}}]},"15":{"loc":{"start":{"line":88,"column":2},"end":{"line":90,"column":3}},"type":"if","locations":[{"start":{"line":88,"column":2},"end":{"line":90,"column":3}}]}},"s":{"0":3,"1":3,"2":3,"3":3,"4":3,"5":3,"6":2,"7":2,"8":2,"9":1,"10":1,"11":3,"12":3,"13":1,"14":1,"15":3,"16":3,"17":1,"18":1,"19":1,"20":0,"21":1,"22":0,"23":1,"24":0,"25":1,"26":3,"27":3,"28":1,"29":1,"30":1,"31":1,"32":0,"33":1,"34":3,"35":3,"36":2,"37":2,"38":3,"39":3,"40":2,"41":2,"42":2,"43":0,"44":2,"45":2,"46":1,"47":0,"48":1,"49":1,"50":3,"51":3,"52":1,"53":1,"54":1,"55":0,"56":1,"57":0,"58":1,"59":3},"f":{"0":2,"1":2,"2":1,"3":1,"4":1,"5":1,"6":1,"7":1,"8":2,"9":2,"10":2,"11":2,"12":1,"13":1},"b":{"0":[1],"1":[2,2],"2":[0],"3":[0],"4":[0],"5":[1,1],"6":[0],"7":[1],"8":[2,2,2],"9":[0],"10":[0,1],"11":[1,1],"12":[1,0],"13":[1,1],"14":[0],"15":[0]}}
,"C:\\Users\\Administrator\\Desktop\\Movies\\src\\express\\controllers\\user.controller.ts": {"path":"C:\\Users\\Administrator\\Desktop\\Movies\\src\\express\\controllers\\user.controller.ts","statementMap":{"0":{"start":{"line":2,"column":0},"end":{"line":2,"column":56}},"1":{"start":{"line":3,"column":0},"end":{"line":3,"column":63}},"2":{"start":{"line":5,"column":0},"end":{"line":5,"column":65}},"3":{"start":{"line":6,"column":0},"end":{"line":6,"column":20}},"4":{"start":{"line":8,"column":21},"end":{"line":13,"column":2}},"5":{"start":{"line":8,"column":63},"end":{"line":13,"column":2}},"6":{"start":{"line":9,"column":15},"end":{"line":9,"column":55}},"7":{"start":{"line":10,"column":2},"end":{"line":10,"column":39}},"8":{"start":{"line":10,"column":13},"end":{"line":10,"column":39}},"9":{"start":{"line":12,"column":2},"end":{"line":12,"column":17}},"10":{"start":{"line":8,"column":13},"end":{"line":8,"column":21}},"11":{"start":{"line":15,"column":22},"end":{"line":34,"column":2}},"12":{"start":{"line":15,"column":64},"end":{"line":34,"column":2}},"13":{"start":{"line":18,"column":2},"end":{"line":23,"column":3}},"14":{"start":{"line":19,"column":4},"end":{"line":19,"column":56}},"15":{"start":{"line":21,"column":4},"end":{"line":21,"column":39}},"16":{"start":{"line":22,"column":4},"end":{"line":22,"column":11}},"17":{"start":{"line":25,"column":15},"end":{"line":25,"column":54}},"18":{"start":{"line":26,"column":2},"end":{"line":29,"column":3}},"19":{"start":{"line":27,"column":4},"end":{"line":27,"column":89}},"20":{"start":{"line":27,"column":28},"end":{"line":27,"column":89}},"21":{"start":{"line":28,"column":4},"end":{"line":28,"column":30}},"22":{"start":{"line":31,"column":2},"end":{"line":31,"column":54}},"23":{"start":{"line":33,"column":2},"end":{"line":33,"column":61}},"24":{"start":{"line":15,"column":13},"end":{"line":15,"column":22}}},"fnMap":{"0":{"name":"(anonymous_14)","decl":{"start":{"line":8,"column":21},"end":{"line":8,"column":28}},"loc":{"start":{"line":8,"column":63},"end":{"line":13,"column":2}}},"1":{"name":"(anonymous_15)","decl":{"start":{"line":8,"column":63},"end":{"line":8,"column":null}},"loc":{"start":{"line":8,"column":63},"end":{"line":13,"column":1}}},"2":{"name":"(anonymous_16)","decl":{"start":{"line":15,"column":22},"end":{"line":15,"column":29}},"loc":{"start":{"line":15,"column":64},"end":{"line":34,"column":2}}},"3":{"name":"(anonymous_17)","decl":{"start":{"line":15,"column":64},"end":{"line":15,"column":null}},"loc":{"start":{"line":15,"column":64},"end":{"line":34,"column":1}}}},"branchMap":{"0":{"loc":{"start":{"line":10,"column":2},"end":{"line":10,"column":39}},"type":"if","locations":[{"start":{"line":10,"column":2},"end":{"line":10,"column":39}}]},"1":{"loc":{"start":{"line":26,"column":2},"end":{"line":29,"column":3}},"type":"if","locations":[{"start":{"line":26,"column":2},"end":{"line":29,"column":3}}]},"2":{"loc":{"start":{"line":27,"column":4},"end":{"line":27,"column":89}},"type":"if","locations":[{"start":{"line":27,"column":4},"end":{"line":27,"column":89}}]},"3":{"loc":{"start":{"line":27,"column":8},"end":{"line":27,"column":26}},"type":"cond-expr","locations":[{"start":{"line":27,"column":20},"end":{"line":27,"column":22}},{"start":{"line":27,"column":8},"end":{"line":27,"column":26}}]},"4":{"loc":{"start":{"line":27,"column":8},"end":{"line":27,"column":22}},"type":"binary-expr","locations":[{"start":{"line":27,"column":8},"end":{"line":27,"column":22}},{"start":{"line":27,"column":8},"end":{"line":27,"column":22}}]},"5":{"loc":{"start":{"line":31,"column":26},"end":{"line":31,"column":53}},"type":"cond-expr","locations":[{"start":{"line":31,"column":43},"end":{"line":31,"column":45}},{"start":{"line":31,"column":43},"end":{"line":31,"column":53}}]},"6":{"loc":{"start":{"line":31,"column":26},"end":{"line":31,"column":45}},"type":"binary-expr","locations":[{"start":{"line":31,"column":26},"end":{"line":31,"column":45}},{"start":{"line":31,"column":43},"end":{"line":31,"column":45}}]}},"s":{"0":3,"1":3,"2":3,"3":3,"4":3,"5":3,"6":3,"7":3,"8":0,"9":3,"10":3,"11":3,"12":1,"13":1,"14":1,"15":0,"16":0,"17":1,"18":1,"19":0,"20":0,"21":0,"22":1,"23":1,"24":3},"f":{"0":3,"1":3,"2":1,"3":1},"b":{"0":[0],"1":[0],"2":[0],"3":[0,0],"4":[0,0],"5":[1,0],"6":[1,1]}}
,"C:\\Users\\Administrator\\Desktop\\Movies\\src\\express\\routes\\auth.routes.ts": {"path":"C:\\Users\\Administrator\\Desktop\\Movies\\src\\express\\routes\\auth.routes.ts","statementMap":{"0":{"start":{"line":1,"column":0},"end":{"line":1,"column":33}},"1":{"start":{"line":2,"column":0},"end":{"line":2,"column":65}},"2":{"start":{"line":3,"column":0},"end":{"line":3,"column":60}},"3":{"start":{"line":5,"column":15},"end":{"line":5,"column":23}},"4":{"start":{"line":121,"column":0},"end":{"line":121,"column":66}},"5":{"start":{"line":147,"column":0},"end":{"line":147,"column":60}},"6":{"start":{"line":166,"column":0},"end":{"line":166,"column":61}},"7":{"start":{"line":189,"column":0},"end":{"line":189,"column":63}},"8":{"start":{"line":211,"column":0},"end":{"line":211,"column":76}},"9":{"start":{"line":213,"column":0},"end":{"line":213,"column":22}}},"fnMap":{},"branchMap":{},"s":{"0":3,"1":3,"2":3,"3":3,"4":3,"5":3,"6":3,"7":3,"8":3,"9":3},"f":{},"b":{}}
,"C:\\Users\\Administrator\\Desktop\\Movies\\src\\express\\routes\\post.routes.ts": {"path":"C:\\Users\\Administrator\\Desktop\\Movies\\src\\express\\routes\\post.routes.ts","statementMap":{"0":{"start":{"line":1,"column":0},"end":{"line":1,"column":62}},"1":{"start":{"line":2,"column":0},"end":{"line":2,"column":33}},"2":{"start":{"line":3,"column":0},"end":{"line":3,"column":65}},"3":{"start":{"line":4,"column":0},"end":{"line":4,"column":57}},"4":{"start":{"line":6,"column":15},"end":{"line":6,"column":23}},"5":{"start":{"line":159,"column":0},"end":{"line":159,"column":52}},"6":{"start":{"line":184,"column":0},"end":{"line":184,"column":77}},"7":{"start":{"line":209,"column":0},"end":{"line":209,"column":59}},"8":{"start":{"line":235,"column":0},"end":{"line":235,"column":72}},"9":{"start":{"line":272,"column":0},"end":{"line":272,"column":80}},"10":{"start":{"line":312,"column":0},"end":{"line":312,"column":86}},"11":{"start":{"line":339,"column":0},"end":{"line":339,"column":81}},"12":{"start":{"line":341,"column":0},"end":{"line":341,"column":22}}},"fnMap":{},"branchMap":{},"s":{"0":3,"1":3,"2":3,"3":3,"4":3,"5":3,"6":3,"7":3,"8":3,"9":3,"10":3,"11":3,"12":3},"f":{},"b":{}}
,"C:\\Users\\Administrator\\Desktop\\Movies\\src\\express\\routes\\user.routes.ts": {"path":"C:\\Users\\Administrator\\Desktop\\Movies\\src\\express\\routes\\user.routes.ts","statementMap":{"0":{"start":{"line":1,"column":0},"end":{"line":1,"column":62}},"1":{"start":{"line":2,"column":0},"end":{"line":2,"column":33}},"2":{"start":{"line":3,"column":0},"end":{"line":3,"column":65}},"3":{"start":{"line":4,"column":0},"end":{"line":4,"column":57}},"4":{"start":{"line":6,"column":15},"end":{"line":6,"column":23}},"5":{"start":{"line":62,"column":0},"end":{"line":62,"column":72}},"6":{"start":{"line":90,"column":0},"end":{"line":90,"column":73}},"7":{"start":{"line":92,"column":0},"end":{"line":92,"column":22}}},"fnMap":{},"branchMap":{},"s":{"0":3,"1":3,"2":3,"3":3,"4":3,"5":3,"6":3,"7":3},"f":{},"b":{}}
,"C:\\Users\\Administrator\\Desktop\\Movies\\src\\express\\services\\post.service.ts": {"path":"C:\\Users\\Administrator\\Desktop\\Movies\\src\\express\\services\\post.service.ts","statementMap":{"0":{"start":{"line":3,"column":0},"end":{"line":3,"column":75}},"1":{"start":{"line":4,"column":0},"end":{"line":4,"column":45}},"2":{"start":{"line":5,"column":0},"end":{"line":5,"column":26}},"3":{"start":{"line":6,"column":0},"end":{"line":6,"column":50}},"4":{"start":{"line":8,"column":32},"end":{"line":16,"column":3}},"5":{"start":{"line":8,"column":63},"end":{"line":16,"column":3}},"6":{"start":{"line":8,"column":64},"end":{"line":16,"column":3}},"7":{"start":{"line":18,"column":31},"end":{"line":24,"column":2}},"8":{"start":{"line":18,"column":69},"end":{"line":24,"column":2}},"9":{"start":{"line":19,"column":16},"end":{"line":19,"column":69}},"10":{"start":{"line":21,"column":25},"end":{"line":21,"column":85}},"11":{"start":{"line":23,"column":2},"end":{"line":23,"column":79}},"12":{"start":{"line":23,"column":42},"end":{"line":23,"column":77}},"13":{"start":{"line":18,"column":13},"end":{"line":18,"column":31}},"14":{"start":{"line":26,"column":26},"end":{"line":32,"column":2}},"15":{"start":{"line":26,"column":59},"end":{"line":32,"column":2}},"16":{"start":{"line":27,"column":16},"end":{"line":27,"column":59}},"17":{"start":{"line":29,"column":25},"end":{"line":29,"column":85}},"18":{"start":{"line":31,"column":2},"end":{"line":31,"column":79}},"19":{"start":{"line":31,"column":42},"end":{"line":31,"column":77}},"20":{"start":{"line":26,"column":13},"end":{"line":26,"column":26}},"21":{"start":{"line":34,"column":26},"end":{"line":36,"column":1}},"22":{"start":{"line":35,"column":2},"end":{"line":35,"column":49}},"23":{"start":{"line":34,"column":13},"end":{"line":34,"column":26}},"24":{"start":{"line":38,"column":26},"end":{"line":40,"column":2}},"25":{"start":{"line":38,"column":92},"end":{"line":40,"column":2}},"26":{"start":{"line":39,"column":2},"end":{"line":39,"column":88}},"27":{"start":{"line":38,"column":13},"end":{"line":38,"column":26}},"28":{"start":{"line":42,"column":23},"end":{"line":46,"column":2}},"29":{"start":{"line":42,"column":52},"end":{"line":46,"column":2}},"30":{"start":{"line":43,"column":15},"end":{"line":43,"column":48}},"31":{"start":{"line":44,"column":2},"end":{"line":44,"column":55}},"32":{"start":{"line":44,"column":13},"end":{"line":44,"column":55}},"33":{"start":{"line":45,"column":2},"end":{"line":45,"column":68}},"34":{"start":{"line":42,"column":13},"end":{"line":42,"column":23}},"35":{"start":{"line":48,"column":22},"end":{"line":50,"column":2}},"36":{"start":{"line":48,"column":47},"end":{"line":50,"column":2}},"37":{"start":{"line":49,"column":2},"end":{"line":49,"column":40}},"38":{"start":{"line":48,"column":13},"end":{"line":48,"column":22}},"39":{"start":{"line":52,"column":26},"end":{"line":54,"column":2}},"40":{"start":{"line":52,"column":47},"end":{"line":54,"column":2}},"41":{"start":{"line":53,"column":2},"end":{"line":53,"column":38}},"42":{"start":{"line":52,"column":13},"end":{"line":52,"column":26}}},"fnMap":{"0":{"name":"(anonymous_14)","decl":{"start":{"line":8,"column":32},"end":{"line":8,"column":39}},"loc":{"start":{"line":8,"column":63},"end":{"line":16,"column":3}}},"1":{"name":"(anonymous_15)","decl":{"start":{"line":8,"column":63},"end":{"line":8,"column":64}},"loc":{"start":{"line":8,"column":63},"end":{"line":16,"column":3}}},"2":{"name":"(anonymous_16)","decl":{"start":{"line":18,"column":31},"end":{"line":18,"column":38}},"loc":{"start":{"line":18,"column":69},"end":{"line":24,"column":2}}},"3":{"name":"(anonymous_17)","decl":{"start":{"line":18,"column":69},"end":{"line":18,"column":null}},"loc":{"start":{"line":18,"column":69},"end":{"line":24,"column":1}}},"4":{"name":"(anonymous_18)","decl":{"start":{"line":23,"column":28},"end":{"line":23,"column":29}},"loc":{"start":{"line":23,"column":42},"end":{"line":23,"column":77}}},"5":{"name":"(anonymous_19)","decl":{"start":{"line":26,"column":26},"end":{"line":26,"column":33}},"loc":{"start":{"line":26,"column":59},"end":{"line":32,"column":2}}},"6":{"name":"(anonymous_20)","decl":{"start":{"line":26,"column":59},"end":{"line":26,"column":null}},"loc":{"start":{"line":26,"column":59},"end":{"line":32,"column":1}}},"7":{"name":"(anonymous_21)","decl":{"start":{"line":31,"column":28},"end":{"line":31,"column":29}},"loc":{"start":{"line":31,"column":42},"end":{"line":31,"column":77}}},"8":{"name":"(anonymous_22)","decl":{"start":{"line":34,"column":26},"end":{"line":34,"column":27}},"loc":{"start":{"line":34,"column":77},"end":{"line":36,"column":1}}},"9":{"name":"(anonymous_23)","decl":{"start":{"line":38,"column":26},"end":{"line":38,"column":33}},"loc":{"start":{"line":38,"column":92},"end":{"line":40,"column":2}}},"10":{"name":"(anonymous_24)","decl":{"start":{"line":38,"column":92},"end":{"line":38,"column":null}},"loc":{"start":{"line":38,"column":92},"end":{"line":40,"column":1}}},"11":{"name":"(anonymous_25)","decl":{"start":{"line":42,"column":23},"end":{"line":42,"column":30}},"loc":{"start":{"line":42,"column":52},"end":{"line":46,"column":2}}},"12":{"name":"(anonymous_26)","decl":{"start":{"line":42,"column":52},"end":{"line":42,"column":null}},"loc":{"start":{"line":42,"column":52},"end":{"line":46,"column":1}}},"13":{"name":"(anonymous_27)","decl":{"start":{"line":48,"column":22},"end":{"line":48,"column":29}},"loc":{"start":{"line":48,"column":47},"end":{"line":50,"column":2}}},"14":{"name":"(anonymous_28)","decl":{"start":{"line":48,"column":47},"end":{"line":48,"column":null}},"loc":{"start":{"line":48,"column":47},"end":{"line":50,"column":1}}},"15":{"name":"(anonymous_29)","decl":{"start":{"line":52,"column":26},"end":{"line":52,"column":33}},"loc":{"start":{"line":52,"column":47},"end":{"line":54,"column":2}}},"16":{"name":"(anonymous_30)","decl":{"start":{"line":52,"column":47},"end":{"line":52,"column":null}},"loc":{"start":{"line":52,"column":47},"end":{"line":54,"column":1}}}},"branchMap":{"0":{"loc":{"start":{"line":44,"column":2},"end":{"line":44,"column":55}},"type":"if","locations":[{"start":{"line":44,"column":2},"end":{"line":44,"column":55}}]}},"s":{"0":3,"1":3,"2":3,"3":3,"4":3,"5":5,"6":5,"7":3,"8":1,"9":1,"10":1,"11":1,"12":1,"13":3,"14":3,"15":1,"16":1,"17":1,"18":1,"19":1,"20":3,"21":3,"22":1,"23":3,"24":3,"25":1,"26":1,"27":3,"28":3,"29":4,"30":4,"31":4,"32":1,"33":3,"34":3,"35":3,"36":1,"37":1,"38":3,"39":3,"40":1,"41":1,"42":3},"f":{"0":5,"1":5,"2":1,"3":1,"4":1,"5":1,"6":1,"7":1,"8":1,"9":1,"10":1,"11":4,"12":4,"13":1,"14":1,"15":1,"16":1},"b":{"0":[1]}}
,"C:\\Users\\Administrator\\Desktop\\Movies\\src\\express\\services\\user.service.ts": {"path":"C:\\Users\\Administrator\\Desktop\\Movies\\src\\express\\services\\user.service.ts","statementMap":{"0":{"start":{"line":3,"column":0},"end":{"line":3,"column":75}},"1":{"start":{"line":4,"column":0},"end":{"line":4,"column":52}},"2":{"start":{"line":5,"column":0},"end":{"line":5,"column":20}},"3":{"start":{"line":7,"column":26},"end":{"line":9,"column":2}},"4":{"start":{"line":7,"column":50},"end":{"line":9,"column":2}},"5":{"start":{"line":8,"column":2},"end":{"line":8,"column":43}},"6":{"start":{"line":7,"column":13},"end":{"line":7,"column":26}},"7":{"start":{"line":11,"column":29},"end":{"line":13,"column":2}},"8":{"start":{"line":11,"column":56},"end":{"line":13,"column":2}},"9":{"start":{"line":12,"column":2},"end":{"line":12,"column":49}},"10":{"start":{"line":11,"column":13},"end":{"line":11,"column":29}},"11":{"start":{"line":15,"column":22},"end":{"line":17,"column":2}},"12":{"start":{"line":15,"column":44},"end":{"line":17,"column":2}},"13":{"start":{"line":16,"column":2},"end":{"line":16,"column":37}},"14":{"start":{"line":15,"column":13},"end":{"line":15,"column":22}},"15":{"start":{"line":19,"column":31},"end":{"line":21,"column":2}},"16":{"start":{"line":19,"column":75},"end":{"line":21,"column":2}},"17":{"start":{"line":20,"column":2},"end":{"line":20,"column":59}},"18":{"start":{"line":19,"column":13},"end":{"line":19,"column":31}},"19":{"start":{"line":23,"column":34},"end":{"line":25,"column":2}},"20":{"start":{"line":23,"column":56},"end":{"line":25,"column":2}},"21":{"start":{"line":24,"column":2},"end":{"line":24,"column":48}},"22":{"start":{"line":23,"column":13},"end":{"line":23,"column":34}},"23":{"start":{"line":27,"column":34},"end":{"line":29,"column":2}},"24":{"start":{"line":27,"column":78},"end":{"line":29,"column":2}},"25":{"start":{"line":28,"column":2},"end":{"line":28,"column":62}},"26":{"start":{"line":27,"column":13},"end":{"line":27,"column":34}},"27":{"start":{"line":31,"column":23},"end":{"line":33,"column":2}},"28":{"start":{"line":31,"column":52},"end":{"line":33,"column":2}},"29":{"start":{"line":32,"column":2},"end":{"line":32,"column":37}},"30":{"start":{"line":31,"column":13},"end":{"line":31,"column":23}},"31":{"start":{"line":35,"column":22},"end":{"line":54,"column":2}},"32":{"start":{"line":35,"column":81},"end":{"line":54,"column":2}},"33":{"start":{"line":36,"column":2},"end":{"line":38,"column":3}},"34":{"start":{"line":37,"column":4},"end":{"line":37,"column":54}},"35":{"start":{"line":40,"column":2},"end":{"line":42,"column":3}},"36":{"start":{"line":41,"column":4},"end":{"line":41,"column":57}},"37":{"start":{"line":44,"column":15},"end":{"line":44,"column":48}},"38":{"start":{"line":45,"column":2},"end":{"line":51,"column":3}},"39":{"start":{"line":46,"column":4},"end":{"line":50,"column":5}},"40":{"start":{"line":47,"column":6},"end":{"line":47,"column":58}},"41":{"start":{"line":49,"column":6},"end":{"line":49,"column":54}},"42":{"start":{"line":53,"column":2},"end":{"line":53,"column":49}},"43":{"start":{"line":35,"column":13},"end":{"line":35,"column":22}}},"fnMap":{"0":{"name":"(anonymous_14)","decl":{"start":{"line":7,"column":26},"end":{"line":7,"column":33}},"loc":{"start":{"line":7,"column":50},"end":{"line":9,"column":2}}},"1":{"name":"(anonymous_15)","decl":{"start":{"line":7,"column":50},"end":{"line":7,"column":null}},"loc":{"start":{"line":7,"column":50},"end":{"line":9,"column":1}}},"2":{"name":"(anonymous_16)","decl":{"start":{"line":11,"column":29},"end":{"line":11,"column":36}},"loc":{"start":{"line":11,"column":56},"end":{"line":13,"column":2}}},"3":{"name":"(anonymous_17)","decl":{"start":{"line":11,"column":56},"end":{"line":11,"column":null}},"loc":{"start":{"line":11,"column":56},"end":{"line":13,"column":1}}},"4":{"name":"(anonymous_18)","decl":{"start":{"line":15,"column":22},"end":{"line":15,"column":29}},"loc":{"start":{"line":15,"column":44},"end":{"line":17,"column":2}}},"5":{"name":"(anonymous_19)","decl":{"start":{"line":15,"column":44},"end":{"line":15,"column":null}},"loc":{"start":{"line":15,"column":44},"end":{"line":17,"column":1}}},"6":{"name":"(anonymous_20)","decl":{"start":{"line":19,"column":31},"end":{"line":19,"column":38}},"loc":{"start":{"line":19,"column":75},"end":{"line":21,"column":2}}},"7":{"name":"(anonymous_21)","decl":{"start":{"line":19,"column":75},"end":{"line":19,"column":null}},"loc":{"start":{"line":19,"column":75},"end":{"line":21,"column":1}}},"8":{"name":"(anonymous_22)","decl":{"start":{"line":23,"column":34},"end":{"line":23,"column":41}},"loc":{"start":{"line":23,"column":56},"end":{"line":25,"column":2}}},"9":{"name":"(anonymous_23)","decl":{"start":{"line":23,"column":56},"end":{"line":23,"column":null}},"loc":{"start":{"line":23,"column":56},"end":{"line":25,"column":1}}},"10":{"name":"(anonymous_24)","decl":{"start":{"line":27,"column":34},"end":{"line":27,"column":41}},"loc":{"start":{"line":27,"column":78},"end":{"line":29,"column":2}}},"11":{"name":"(anonymous_25)","decl":{"start":{"line":27,"column":78},"end":{"line":27,"column":null}},"loc":{"start":{"line":27,"column":78},"end":{"line":29,"column":1}}},"12":{"name":"(anonymous_26)","decl":{"start":{"line":31,"column":23},"end":{"line":31,"column":30}},"loc":{"start":{"line":31,"column":52},"end":{"line":33,"column":2}}},"13":{"name":"(anonymous_27)","decl":{"start":{"line":31,"column":52},"end":{"line":31,"column":null}},"loc":{"start":{"line":31,"column":52},"end":{"line":33,"column":1}}},"14":{"name":"(anonymous_28)","decl":{"start":{"line":35,"column":22},"end":{"line":35,"column":29}},"loc":{"start":{"line":35,"column":81},"end":{"line":54,"column":2}}},"15":{"name":"(anonymous_29)","decl":{"start":{"line":35,"column":81},"end":{"line":35,"column":null}},"loc":{"start":{"line":35,"column":81},"end":{"line":54,"column":1}}}},"branchMap":{"0":{"loc":{"start":{"line":36,"column":2},"end":{"line":38,"column":3}},"type":"if","locations":[{"start":{"line":36,"column":2},"end":{"line":38,"column":3}}]},"1":{"loc":{"start":{"line":36,"column":6},"end":{"line":36,"column":66}},"type":"binary-expr","locations":[{"start":{"line":36,"column":6},"end":{"line":36,"column":24}},{"start":{"line":36,"column":29},"end":{"line":36,"column":65}}]},"2":{"loc":{"start":{"line":40,"column":2},"end":{"line":42,"column":3}},"type":"if","locations":[{"start":{"line":40,"column":2},"end":{"line":42,"column":3}}]},"3":{"loc":{"start":{"line":40,"column":6},"end":{"line":40,"column":75}},"type":"binary-expr","locations":[{"start":{"line":40,"column":6},"end":{"line":40,"column":27}},{"start":{"line":40,"column":32},"end":{"line":40,"column":74}}]},"4":{"loc":{"start":{"line":45,"column":2},"end":{"line":51,"column":3}},"type":"if","locations":[{"start":{"line":45,"column":2},"end":{"line":51,"column":3}}]}},"s":{"0":3,"1":3,"2":3,"3":3,"4":9,"5":9,"6":3,"7":3,"8":4,"9":4,"10":3,"11":3,"12":3,"13":3,"14":3,"15":3,"16":5,"17":5,"18":3,"19":3,"20":2,"21":2,"22":3,"23":3,"24":2,"25":2,"26":3,"27":3,"28":8,"29":8,"30":3,"31":3,"32":1,"33":1,"34":0,"35":1,"36":0,"37":1,"38":1,"39":0,"40":0,"41":0,"42":1,"43":3},"f":{"0":9,"1":9,"2":4,"3":4,"4":3,"5":3,"6":5,"7":5,"8":2,"9":2,"10":2,"11":2,"12":8,"13":8,"14":1,"15":1},"b":{"0":[0],"1":[1,0],"2":[0],"3":[1,1],"4":[0]}}
,"C:\\Users\\Administrator\\Desktop\\Movies\\src\\mongo\\models\\post.model.ts": {"path":"C:\\Users\\Administrator\\Desktop\\Movies\\src\\mongo\\models\\post.model.ts","statementMap":{"0":{"start":{"line":1,"column":0},"end":{"line":1,"column":32}},"1":{"start":{"line":2,"column":0},"end":{"line":2,"column":45}},"2":{"start":{"line":5,"column":19},"end":{"line":28,"column":null}},"3":{"start":{"line":31,"column":0},"end":{"line":31,"column":76}}},"fnMap":{},"branchMap":{},"s":{"0":3,"1":3,"2":3,"3":3},"f":{},"b":{}}
,"C:\\Users\\Administrator\\Desktop\\Movies\\src\\mongo\\models\\user.model.ts": {"path":"C:\\Users\\Administrator\\Desktop\\Movies\\src\\mongo\\models\\user.model.ts","statementMap":{"0":{"start":{"line":1,"column":0},"end":{"line":1,"column":32}},"1":{"start":{"line":3,"column":0},"end":{"line":3,"column":45}},"2":{"start":{"line":5,"column":20},"end":{"line":16,"column":null}},"3":{"start":{"line":19,"column":0},"end":{"line":19,"column":77}}},"fnMap":{},"branchMap":{},"s":{"0":3,"1":3,"2":3,"3":3},"f":{},"b":{}}
,"C:\\Users\\Administrator\\Desktop\\Movies\\src\\mongo\\repositories\\post.repository.ts": {"path":"C:\\Users\\Administrator\\Desktop\\Movies\\src\\mongo\\repositories\\post.repository.ts","statementMap":{"0":{"start":{"line":1,"column":0},"end":{"line":1,"column":33}},"1":{"start":{"line":4,"column":0},"end":{"line":4,"column":45}},"2":{"start":{"line":6,"column":30},"end":{"line":8,"column":2}},"3":{"start":{"line":6,"column":88},"end":{"line":8,"column":2}},"4":{"start":{"line":7,"column":2},"end":{"line":7,"column":98}},"5":{"start":{"line":6,"column":13},"end":{"line":6,"column":30}},"6":{"start":{"line":10,"column":22},"end":{"line":12,"column":2}},"7":{"start":{"line":10,"column":79},"end":{"line":12,"column":2}},"8":{"start":{"line":11,"column":2},"end":{"line":11,"column":98}},"9":{"start":{"line":10,"column":13},"end":{"line":10,"column":22}},"10":{"start":{"line":14,"column":22},"end":{"line":16,"column":2}},"11":{"start":{"line":14,"column":43},"end":{"line":16,"column":2}},"12":{"start":{"line":15,"column":2},"end":{"line":15,"column":62}},"13":{"start":{"line":14,"column":13},"end":{"line":14,"column":22}},"14":{"start":{"line":18,"column":26},"end":{"line":20,"column":2}},"15":{"start":{"line":18,"column":70},"end":{"line":20,"column":2}},"16":{"start":{"line":19,"column":2},"end":{"line":19,"column":122}},"17":{"start":{"line":18,"column":13},"end":{"line":18,"column":26}},"18":{"start":{"line":22,"column":24},"end":{"line":24,"column":2}},"19":{"start":{"line":22,"column":78},"end":{"line":24,"column":2}},"20":{"start":{"line":23,"column":2},"end":{"line":23,"column":77}},"21":{"start":{"line":22,"column":13},"end":{"line":22,"column":24}},"22":{"start":{"line":26,"column":22},"end":{"line":28,"column":2}},"23":{"start":{"line":26,"column":44},"end":{"line":28,"column":2}},"24":{"start":{"line":27,"column":2},"end":{"line":27,"column":32}},"25":{"start":{"line":26,"column":13},"end":{"line":26,"column":22}},"26":{"start":{"line":30,"column":31},"end":{"line":39,"column":2}},"27":{"start":{"line":30,"column":111},"end":{"line":39,"column":2}},"28":{"start":{"line":31,"column":2},"end":{"line":38,"column":12}},"29":{"start":{"line":30,"column":13},"end":{"line":30,"column":31}},"30":{"start":{"line":41,"column":25},"end":{"line":43,"column":2}},"31":{"start":{"line":41,"column":46},"end":{"line":43,"column":2}},"32":{"start":{"line":42,"column":2},"end":{"line":42,"column":62}},"33":{"start":{"line":41,"column":13},"end":{"line":41,"column":25}}},"fnMap":{"0":{"name":"(anonymous_8)","decl":{"start":{"line":6,"column":30},"end":{"line":6,"column":37}},"loc":{"start":{"line":6,"column":88},"end":{"line":8,"column":2}}},"1":{"name":"(anonymous_9)","decl":{"start":{"line":6,"column":88},"end":{"line":6,"column":null}},"loc":{"start":{"line":6,"column":88},"end":{"line":8,"column":1}}},"2":{"name":"(anonymous_10)","decl":{"start":{"line":10,"column":22},"end":{"line":10,"column":29}},"loc":{"start":{"line":10,"column":79},"end":{"line":12,"column":2}}},"3":{"name":"(anonymous_11)","decl":{"start":{"line":10,"column":79},"end":{"line":10,"column":null}},"loc":{"start":{"line":10,"column":79},"end":{"line":12,"column":1}}},"4":{"name":"(anonymous_12)","decl":{"start":{"line":14,"column":22},"end":{"line":14,"column":29}},"loc":{"start":{"line":14,"column":43},"end":{"line":16,"column":2}}},"5":{"name":"(anonymous_13)","decl":{"start":{"line":14,"column":43},"end":{"line":14,"column":null}},"loc":{"start":{"line":14,"column":43},"end":{"line":16,"column":1}}},"6":{"name":"(anonymous_14)","decl":{"start":{"line":18,"column":26},"end":{"line":18,"column":33}},"loc":{"start":{"line":18,"column":70},"end":{"line":20,"column":2}}},"7":{"name":"(anonymous_15)","decl":{"start":{"line":18,"column":70},"end":{"line":18,"column":null}},"loc":{"start":{"line":18,"column":70},"end":{"line":20,"column":1}}},"8":{"name":"(anonymous_16)","decl":{"start":{"line":22,"column":24},"end":{"line":22,"column":31}},"loc":{"start":{"line":22,"column":78},"end":{"line":24,"column":2}}},"9":{"name":"(anonymous_17)","decl":{"start":{"line":22,"column":78},"end":{"line":22,"column":null}},"loc":{"start":{"line":22,"column":78},"end":{"line":24,"column":1}}},"10":{"name":"(anonymous_18)","decl":{"start":{"line":26,"column":22},"end":{"line":26,"column":29}},"loc":{"start":{"line":26,"column":44},"end":{"line":28,"column":2}}},"11":{"name":"(anonymous_19)","decl":{"start":{"line":26,"column":44},"end":{"line":26,"column":null}},"loc":{"start":{"line":26,"column":44},"end":{"line":28,"column":1}}},"12":{"name":"(anonymous_20)","decl":{"start":{"line":30,"column":31},"end":{"line":30,"column":38}},"loc":{"start":{"line":30,"column":111},"end":{"line":39,"column":2}}},"13":{"name":"(anonymous_21)","decl":{"start":{"line":30,"column":111},"end":{"line":30,"column":null}},"loc":{"start":{"line":30,"column":111},"end":{"line":39,"column":1}}},"14":{"name":"(anonymous_22)","decl":{"start":{"line":41,"column":25},"end":{"line":41,"column":32}},"loc":{"start":{"line":41,"column":46},"end":{"line":43,"column":2}}},"15":{"name":"(anonymous_23)","decl":{"start":{"line":41,"column":46},"end":{"line":41,"column":null}},"loc":{"start":{"line":41,"column":46},"end":{"line":43,"column":1}}}},"branchMap":{},"s":{"0":3,"1":3,"2":3,"3":1,"4":1,"5":3,"6":3,"7":1,"8":1,"9":3,"10":3,"11":0,"12":0,"13":3,"14":3,"15":1,"16":1,"17":3,"18":3,"19":7,"20":7,"21":3,"22":3,"23":1,"24":1,"25":3,"26":3,"27":1,"28":1,"29":3,"30":3,"31":1,"32":1,"33":3},"f":{"0":1,"1":1,"2":1,"3":1,"4":0,"5":0,"6":1,"7":1,"8":7,"9":7,"10":1,"11":1,"12":1,"13":1,"14":1,"15":1},"b":{}}
,"C:\\Users\\Administrator\\Desktop\\Movies\\src\\mongo\\repositories\\user.repository.ts": {"path":"C:\\Users\\Administrator\\Desktop\\Movies\\src\\mongo\\repositories\\user.repository.ts","statementMap":{"0":{"start":{"line":1,"column":0},"end":{"line":1,"column":33}},"1":{"start":{"line":3,"column":0},"end":{"line":3,"column":45}},"2":{"start":{"line":5,"column":27},"end":{"line":7,"column":2}},"3":{"start":{"line":5,"column":51},"end":{"line":7,"column":2}},"4":{"start":{"line":6,"column":2},"end":{"line":6,"column":45}},"5":{"start":{"line":5,"column":13},"end":{"line":5,"column":27}},"6":{"start":{"line":9,"column":22},"end":{"line":11,"column":2}},"7":{"start":{"line":9,"column":44},"end":{"line":11,"column":2}},"8":{"start":{"line":10,"column":2},"end":{"line":10,"column":32}},"9":{"start":{"line":9,"column":13},"end":{"line":9,"column":22}},"10":{"start":{"line":13,"column":30},"end":{"line":15,"column":2}},"11":{"start":{"line":13,"column":77},"end":{"line":15,"column":2}},"12":{"start":{"line":14,"column":2},"end":{"line":14,"column":70}},"13":{"start":{"line":13,"column":13},"end":{"line":13,"column":30}},"14":{"start":{"line":17,"column":24},"end":{"line":19,"column":2}},"15":{"start":{"line":17,"column":53},"end":{"line":19,"column":2}},"16":{"start":{"line":18,"column":2},"end":{"line":18,"column":39}},"17":{"start":{"line":17,"column":13},"end":{"line":17,"column":24}},"18":{"start":{"line":21,"column":22},"end":{"line":23,"column":2}},"19":{"start":{"line":21,"column":123},"end":{"line":23,"column":2}},"20":{"start":{"line":22,"column":2},"end":{"line":22,"column":78}},"21":{"start":{"line":21,"column":13},"end":{"line":21,"column":22}},"22":{"start":{"line":25,"column":30},"end":{"line":27,"column":2}},"23":{"start":{"line":25,"column":57},"end":{"line":27,"column":2}},"24":{"start":{"line":26,"column":2},"end":{"line":26,"column":48}},"25":{"start":{"line":25,"column":13},"end":{"line":25,"column":30}},"26":{"start":{"line":29,"column":31},"end":{"line":31,"column":2}},"27":{"start":{"line":29,"column":74},"end":{"line":31,"column":2}},"28":{"start":{"line":30,"column":2},"end":{"line":30,"column":113}},"29":{"start":{"line":29,"column":13},"end":{"line":29,"column":31}},"30":{"start":{"line":33,"column":34},"end":{"line":35,"column":2}},"31":{"start":{"line":33,"column":55},"end":{"line":35,"column":2}},"32":{"start":{"line":34,"column":2},"end":{"line":34,"column":92}},"33":{"start":{"line":33,"column":13},"end":{"line":33,"column":34}},"34":{"start":{"line":36,"column":34},"end":{"line":38,"column":2}},"35":{"start":{"line":36,"column":77},"end":{"line":38,"column":2}},"36":{"start":{"line":37,"column":2},"end":{"line":37,"column":128}},"37":{"start":{"line":36,"column":13},"end":{"line":36,"column":34}}},"fnMap":{"0":{"name":"(anonymous_8)","decl":{"start":{"line":5,"column":27},"end":{"line":5,"column":34}},"loc":{"start":{"line":5,"column":51},"end":{"line":7,"column":2}}},"1":{"name":"(anonymous_9)","decl":{"start":{"line":5,"column":51},"end":{"line":5,"column":null}},"loc":{"start":{"line":5,"column":51},"end":{"line":7,"column":1}}},"2":{"name":"(anonymous_10)","decl":{"start":{"line":9,"column":22},"end":{"line":9,"column":29}},"loc":{"start":{"line":9,"column":44},"end":{"line":11,"column":2}}},"3":{"name":"(anonymous_11)","decl":{"start":{"line":9,"column":44},"end":{"line":9,"column":null}},"loc":{"start":{"line":9,"column":44},"end":{"line":11,"column":1}}},"4":{"name":"(anonymous_12)","decl":{"start":{"line":13,"column":30},"end":{"line":13,"column":37}},"loc":{"start":{"line":13,"column":77},"end":{"line":15,"column":2}}},"5":{"name":"(anonymous_13)","decl":{"start":{"line":13,"column":77},"end":{"line":13,"column":null}},"loc":{"start":{"line":13,"column":77},"end":{"line":15,"column":1}}},"6":{"name":"(anonymous_14)","decl":{"start":{"line":17,"column":24},"end":{"line":17,"column":31}},"loc":{"start":{"line":17,"column":53},"end":{"line":19,"column":2}}},"7":{"name":"(anonymous_15)","decl":{"start":{"line":17,"column":53},"end":{"line":17,"column":null}},"loc":{"start":{"line":17,"column":53},"end":{"line":19,"column":1}}},"8":{"name":"(anonymous_16)","decl":{"start":{"line":21,"column":22},"end":{"line":21,"column":29}},"loc":{"start":{"line":21,"column":123},"end":{"line":23,"column":2}}},"9":{"name":"(anonymous_17)","decl":{"start":{"line":21,"column":123},"end":{"line":21,"column":null}},"loc":{"start":{"line":21,"column":123},"end":{"line":23,"column":1}}},"10":{"name":"(anonymous_18)","decl":{"start":{"line":25,"column":30},"end":{"line":25,"column":37}},"loc":{"start":{"line":25,"column":57},"end":{"line":27,"column":2}}},"11":{"name":"(anonymous_19)","decl":{"start":{"line":25,"column":57},"end":{"line":25,"column":null}},"loc":{"start":{"line":25,"column":57},"end":{"line":27,"column":1}}},"12":{"name":"(anonymous_20)","decl":{"start":{"line":29,"column":31},"end":{"line":29,"column":38}},"loc":{"start":{"line":29,"column":74},"end":{"line":31,"column":2}}},"13":{"name":"(anonymous_21)","decl":{"start":{"line":29,"column":74},"end":{"line":29,"column":null}},"loc":{"start":{"line":29,"column":74},"end":{"line":31,"column":1}}},"14":{"name":"(anonymous_22)","decl":{"start":{"line":33,"column":34},"end":{"line":33,"column":41}},"loc":{"start":{"line":33,"column":55},"end":{"line":35,"column":2}}},"15":{"name":"(anonymous_23)","decl":{"start":{"line":33,"column":55},"end":{"line":33,"column":null}},"loc":{"start":{"line":33,"column":55},"end":{"line":35,"column":1}}},"16":{"name":"(anonymous_24)","decl":{"start":{"line":36,"column":34},"end":{"line":36,"column":41}},"loc":{"start":{"line":36,"column":77},"end":{"line":38,"column":2}}},"17":{"name":"(anonymous_25)","decl":{"start":{"line":36,"column":77},"end":{"line":36,"column":null}},"loc":{"start":{"line":36,"column":77},"end":{"line":38,"column":1}}}},"branchMap":{},"s":{"0":3,"1":3,"2":3,"3":9,"4":9,"5":3,"6":3,"7":3,"8":3,"9":3,"10":3,"11":0,"12":0,"13":3,"14":3,"15":9,"16":9,"17":3,"18":3,"19":1,"20":1,"21":3,"22":3,"23":4,"24":4,"25":3,"26":3,"27":5,"28":5,"29":3,"30":3,"31":2,"32":2,"33":3,"34":3,"35":2,"36":2,"37":3},"f":{"0":9,"1":9,"2":3,"3":3,"4":0,"5":0,"6":9,"7":9,"8":1,"9":1,"10":4,"11":4,"12":5,"13":5,"14":2,"15":2,"16":2,"17":2},"b":{}}
,"C:\\Users\\Administrator\\Desktop\\Movies\\src\\utils\\wrapController.ts": {"path":"C:\\Users\\Administrator\\Desktop\\Movies\\src\\utils\\wrapController.ts","statementMap":{"0":{"start":{"line":4,"column":30},"end":{"line":8,"column":1}},"1":{"start":{"line":5,"column":2},"end":{"line":7,"column":4}},"2":{"start":{"line":6,"column":4},"end":{"line":6,"column":37}},"3":{"start":{"line":4,"column":13},"end":{"line":4,"column":30}}},"fnMap":{"0":{"name":"(anonymous_0)","decl":{"start":{"line":4,"column":30},"end":{"line":4,"column":31}},"loc":{"start":{"line":4,"column":115},"end":{"line":8,"column":1}}},"1":{"name":"(anonymous_1)","decl":{"start":{"line":5,"column":9},"end":{"line":5,"column":10}},"loc":{"start":{"line":5,"column":65},"end":{"line":7,"column":3}}}},"branchMap":{},"s":{"0":3,"1":42,"2":29,"3":3},"f":{"0":42,"1":29},"b":{}}
}
