TN:
SF:src\app.ts
FN:14,(anonymous_14)
FN:14,(anonymous_15)
FN:33,(anonymous_16)
FN:33,(anonymous_17)
FN:55,(anonymous_18)
FNF:5
FNH:5
FNDA:3,(anonymous_14)
FNDA:3,(anonymous_15)
FNDA:3,(anonymous_16)
FNDA:3,(anonymous_17)
FNDA:1,(anonymous_18)
DA:1,3
DA:2,3
DA:3,3
DA:4,3
DA:5,3
DA:6,3
DA:7,3
DA:8,3
DA:9,3
DA:10,3
DA:11,3
DA:12,3
DA:14,3
DA:15,3
DA:28,3
DA:30,3
DA:33,3
DA:34,3
DA:35,3
DA:36,3
DA:38,0
DA:39,0
DA:42,3
DA:43,3
DA:44,3
DA:45,3
DA:46,3
DA:47,3
DA:49,3
DA:50,3
DA:51,3
DA:53,3
DA:55,3
DA:56,1
DA:59,3
DA:61,3
DA:64,3
LF:37
LH:35
BRF:0
BRH:0
end_of_record
TN:
SF:src\common\authMiddleware.ts
FN:10,(anonymous_1)
FNF:1
FNH:1
FNDA:14,(anonymous_1)
DA:2,3
DA:3,3
DA:4,3
DA:5,3
DA:10,3
DA:11,14
DA:12,14
DA:13,14
DA:15,12
DA:16,12
DA:17,10
DA:18,10
DA:19,10
DA:21,2
DA:25,3
LF:15
LH:15
BRDA:12,0,0,14
BRDA:12,0,1,12
BRDA:13,1,0,2
BRF:3
BRH:3
end_of_record
TN:
SF:src\common\uploadFile.ts
FN:10,(anonymous_14)
FN:18,(anonymous_15)
FN:30,(anonymous_16)
FN:30,(anonymous_17)
FN:31,(anonymous_18)
FN:32,(anonymous_19)
FNF:6
FNH:4
FNDA:0,(anonymous_14)
FNDA:0,(anonymous_15)
FNDA:9,(anonymous_16)
FNDA:9,(anonymous_17)
FNDA:9,(anonymous_18)
FNDA:9,(anonymous_19)
DA:1,3
DA:3,3
DA:4,3
DA:6,3
DA:8,3
DA:11,0
DA:15,3
DA:19,0
DA:20,0
DA:22,0
DA:23,0
DA:26,0
DA:30,9
DA:31,9
DA:32,9
DA:33,9
DA:34,0
DA:37,9
LF:18
LH:11
BRDA:22,0,0,0
BRDA:22,1,0,0
BRDA:22,1,1,0
BRDA:33,2,0,0
BRF:4
BRH:0
end_of_record
TN:
SF:src\config\env.config.ts
FNF:0
FNH:0
DA:1,3
DA:2,3
DA:3,3
DA:5,3
DA:25,3
LF:5
LH:5
BRDA:3,0,0,3
BRDA:3,0,1,0
BRDA:3,1,0,0
BRDA:3,1,1,3
BRDA:3,2,0,3
BRDA:3,2,1,3
BRF:6
BRH:4
end_of_record
TN:
SF:src\core\Errors.ts
FN:5,(anonymous_0)
FN:12,(anonymous_1)
FN:18,(anonymous_2)
FN:24,(anonymous_3)
FN:30,(anonymous_4)
FN:36,(anonymous_5)
FN:42,(anonymous_6)
FNF:7
FNH:4
FNDA:14,(anonymous_0)
FNDA:0,(anonymous_1)
FNDA:9,(anonymous_2)
FNDA:0,(anonymous_3)
FNDA:4,(anonymous_4)
FNDA:0,(anonymous_5)
FNDA:1,(anonymous_6)
DA:1,3
DA:6,14
DA:7,14
DA:11,3
DA:13,0
DA:17,3
DA:19,9
DA:23,3
DA:25,0
DA:29,3
DA:31,4
DA:35,3
DA:37,0
DA:41,3
DA:43,1
LF:15
LH:12
BRDA:12,0,0,0
BRDA:18,1,0,8
BRDA:24,2,0,0
BRDA:30,3,0,0
BRDA:36,4,0,0
BRDA:42,5,0,0
BRF:6
BRH:1
end_of_record
TN:
SF:src\express\errorMiddleware.ts
FN:4,(anonymous_7)
FN:4,(anonymous_8)
FNF:2
FNH:2
FNDA:12,(anonymous_7)
FNDA:12,(anonymous_8)
DA:4,12
DA:5,12
DA:6,12
DA:8,12
LF:4
LH:4
BRDA:6,0,0,12
BRDA:6,0,1,0
BRDA:6,1,0,12
BRDA:6,1,1,0
BRF:4
BRH:2
end_of_record
TN:
SF:src\express\controllers\auth.controller.ts
FN:15,(anonymous_14)
FN:15,(anonymous_15)
FN:48,(anonymous_16)
FN:48,(anonymous_17)
FN:71,(anonymous_18)
FN:71,(anonymous_19)
FN:91,(anonymous_20)
FN:91,(anonymous_21)
FN:120,(anonymous_22)
FN:120,(anonymous_23)
FNF:10
FNH:8
FNDA:5,(anonymous_14)
FNDA:5,(anonymous_15)
FNDA:6,(anonymous_16)
FNDA:6,(anonymous_17)
FNDA:1,(anonymous_18)
FNDA:1,(anonymous_19)
FNDA:3,(anonymous_20)
FNDA:3,(anonymous_21)
FNDA:0,(anonymous_22)
FNDA:0,(anonymous_23)
DA:1,3
DA:3,3
DA:4,3
DA:5,3
DA:7,3
DA:8,3
DA:9,3
DA:10,3
DA:11,3
DA:13,3
DA:15,5
DA:18,5
DA:19,5
DA:21,0
DA:24,5
DA:25,5
DA:26,1
DA:27,1
DA:30,4
DA:31,4
DA:32,1
DA:33,1
DA:36,3
DA:37,3
DA:38,0
DA:39,0
DA:42,3
DA:43,3
DA:44,3
DA:45,3
DA:48,6
DA:49,6
DA:50,6
DA:51,1
DA:54,5
DA:55,5
DA:56,0
DA:59,5
DA:60,5
DA:61,1
DA:64,4
DA:65,4
DA:66,4
DA:68,4
DA:71,3
DA:72,1
DA:73,1
DA:74,1
DA:76,1
DA:77,1
DA:78,1
DA:80,1
DA:81,0
DA:82,0
DA:84,1
DA:87,0
DA:91,3
DA:92,3
DA:93,3
DA:95,3
DA:97,3
DA:98,3
DA:99,3
DA:101,3
DA:102,2
DA:103,2
DA:106,1
DA:107,1
DA:108,1
DA:109,1
DA:111,1
DA:116,2
DA:120,3
DA:121,0
DA:123,0
DA:124,0
DA:129,0
DA:131,0
DA:133,0
DA:134,0
DA:137,0
DA:138,0
DA:139,0
DA:141,0
DA:143,0
LF:85
LH:66
BRDA:25,0,0,1
BRDA:25,1,0,5
BRDA:25,1,1,5
BRDA:25,1,2,4
BRDA:26,2,0,0
BRDA:26,3,0,0
BRDA:26,3,1,1
BRDA:26,4,0,1
BRDA:26,4,1,1
BRDA:31,5,0,1
BRDA:32,6,0,0
BRDA:32,7,0,0
BRDA:32,7,1,1
BRDA:32,8,0,1
BRDA:32,8,1,1
BRDA:37,9,0,0
BRDA:38,10,0,0
BRDA:38,11,0,0
BRDA:38,11,1,0
BRDA:38,12,0,0
BRDA:38,12,1,0
BRDA:44,13,0,3
BRDA:44,13,1,0
BRDA:44,14,0,3
BRDA:44,14,1,3
BRDA:50,15,0,1
BRDA:50,16,0,6
BRDA:50,16,1,5
BRDA:55,17,0,0
BRDA:60,18,0,1
BRDA:73,19,0,1
BRDA:73,19,1,1
BRDA:74,20,0,0
BRDA:80,21,0,0
BRDA:80,21,1,1
BRDA:80,22,0,1
BRDA:80,22,1,1
BRDA:93,23,0,3
BRDA:93,23,1,3
BRDA:95,24,0,0
BRDA:101,25,0,2
BRDA:101,26,0,3
BRDA:101,26,1,3
BRDA:131,27,0,0
BRDA:131,27,1,0
BRDA:131,28,0,0
BRDA:131,28,1,0
BRDA:133,29,0,0
BRDA:134,30,0,0
BRDA:134,30,1,0
BRDA:134,31,0,0
BRDA:134,31,1,0
BRDA:134,32,0,0
BRDA:134,32,1,0
BRDA:134,33,0,0
BRDA:134,33,1,0
BRF:56
BRH:28
end_of_record
TN:
SF:src\express\controllers\post.controller.ts
FN:9,(anonymous_14)
FN:9,(anonymous_15)
FN:13,(anonymous_16)
FN:13,(anonymous_17)
FN:17,(anonymous_18)
FN:17,(anonymous_19)
FN:44,(anonymous_20)
FN:44,(anonymous_21)
FN:54,(anonymous_22)
FN:54,(anonymous_23)
FN:58,(anonymous_24)
FN:58,(anonymous_25)
FN:87,(anonymous_26)
FN:87,(anonymous_27)
FNF:14
FNH:14
FNDA:1,(anonymous_14)
FNDA:1,(anonymous_15)
FNDA:1,(anonymous_16)
FNDA:1,(anonymous_17)
FNDA:1,(anonymous_18)
FNDA:1,(anonymous_19)
FNDA:1,(anonymous_20)
FNDA:1,(anonymous_21)
FNDA:2,(anonymous_22)
FNDA:2,(anonymous_23)
FNDA:2,(anonymous_24)
FNDA:2,(anonymous_25)
FNDA:1,(anonymous_26)
FNDA:1,(anonymous_27)
DA:1,3
DA:3,3
DA:5,3
DA:6,3
DA:7,3
DA:9,3
DA:10,1
DA:13,3
DA:14,1
DA:17,3
DA:18,1
DA:19,1
DA:20,0
DA:23,1
DA:24,0
DA:29,1
DA:30,1
DA:32,0
DA:35,1
DA:36,0
DA:39,1
DA:41,1
DA:44,3
DA:45,1
DA:46,1
DA:47,1
DA:48,0
DA:51,1
DA:54,3
DA:55,2
DA:58,3
DA:61,2
DA:62,2
DA:64,0
DA:67,2
DA:69,2
DA:70,1
DA:71,1
DA:74,1
DA:87,3
DA:88,1
DA:89,1
DA:90,0
DA:93,1
DA:94,0
DA:97,1
LF:46
LH:38
BRDA:19,0,0,0
BRDA:23,1,0,0
BRDA:35,2,0,0
BRDA:35,3,0,1
BRDA:35,3,1,1
BRDA:39,4,0,1
BRDA:39,4,1,0
BRDA:39,5,0,1
BRDA:39,5,1,1
BRDA:47,6,0,0
BRDA:69,7,0,1
BRDA:69,8,0,2
BRDA:69,8,1,2
BRDA:69,8,2,2
BRDA:70,9,0,0
BRDA:70,10,0,0
BRDA:70,10,1,1
BRDA:70,11,0,1
BRDA:70,11,1,1
BRDA:79,12,0,1
BRDA:79,12,1,0
BRDA:79,13,0,1
BRDA:79,13,1,1
BRDA:89,14,0,0
BRDA:93,15,0,0
BRF:25
BRH:15
end_of_record
TN:
SF:src\express\controllers\user.controller.ts
FN:8,(anonymous_13)
FN:8,(anonymous_14)
FN:15,(anonymous_15)
FN:15,(anonymous_16)
FNF:4
FNH:4
FNDA:3,(anonymous_13)
FNDA:3,(anonymous_14)
FNDA:1,(anonymous_15)
FNDA:1,(anonymous_16)
DA:2,3
DA:3,3
DA:5,3
DA:8,3
DA:9,3
DA:10,3
DA:12,3
DA:15,3
DA:16,1
DA:17,1
DA:19,0
DA:23,1
DA:24,1
DA:26,0
DA:29,1
DA:31,1
LF:16
LH:14
BRDA:10,0,0,0
BRDA:17,1,0,0
BRDA:29,2,0,1
BRDA:29,2,1,0
BRDA:29,3,0,1
BRDA:29,3,1,1
BRF:6
BRH:3
end_of_record
TN:
SF:src\express\routes\auth.routes.ts
FNF:0
FNH:0
DA:1,3
DA:2,3
DA:3,3
DA:5,3
DA:121,3
DA:147,3
DA:166,3
DA:189,3
DA:211,3
DA:213,3
LF:10
LH:10
BRF:0
BRH:0
end_of_record
TN:
SF:src\express\routes\post.routes.ts
FNF:0
FNH:0
DA:1,3
DA:2,3
DA:3,3
DA:4,3
DA:6,3
DA:146,3
DA:171,3
DA:196,3
DA:222,3
DA:259,3
DA:299,3
DA:326,3
DA:328,3
LF:13
LH:13
BRF:0
BRH:0
end_of_record
TN:
SF:src\express\routes\user.routes.ts
FNF:0
FNH:0
DA:1,3
DA:2,3
DA:3,3
DA:4,3
DA:6,3
DA:62,3
DA:90,3
DA:92,3
LF:8
LH:8
BRF:0
BRH:0
end_of_record
TN:
SF:src\express\services\post.service.ts
FN:10,(anonymous_14)
FN:10,(anonymous_15)
FN:21,(anonymous_16)
FN:21,(anonymous_17)
FN:26,(anonymous_18)
FN:26,(anonymous_19)
FN:29,(anonymous_20)
FN:29,(anonymous_21)
FN:34,(anonymous_22)
FN:34,(anonymous_23)
FN:37,(anonymous_24)
FN:41,(anonymous_25)
FN:41,(anonymous_26)
FN:45,(anonymous_27)
FN:45,(anonymous_28)
FN:52,(anonymous_29)
FN:52,(anonymous_30)
FN:69,(anonymous_31)
FN:70,(anonymous_32)
FN:75,(anonymous_33)
FN:75,(anonymous_34)
FN:79,(anonymous_35)
FN:79,(anonymous_36)
FNF:23
FNH:23
FNDA:5,(anonymous_14)
FNDA:5,(anonymous_15)
FNDA:1,(anonymous_16)
FNDA:1,(anonymous_17)
FNDA:1,(anonymous_18)
FNDA:1,(anonymous_19)
FNDA:1,(anonymous_20)
FNDA:1,(anonymous_21)
FNDA:1,(anonymous_22)
FNDA:1,(anonymous_23)
FNDA:1,(anonymous_24)
FNDA:1,(anonymous_25)
FNDA:1,(anonymous_26)
FNDA:4,(anonymous_27)
FNDA:4,(anonymous_28)
FNDA:1,(anonymous_29)
FNDA:1,(anonymous_30)
FNDA:1,(anonymous_31)
FNDA:1,(anonymous_32)
FNDA:1,(anonymous_33)
FNDA:1,(anonymous_34)
FNDA:1,(anonymous_35)
FNDA:1,(anonymous_36)
DA:3,3
DA:4,3
DA:5,3
DA:6,3
DA:7,3
DA:10,5
DA:21,3
DA:22,1
DA:24,1
DA:26,1
DA:29,3
DA:30,1
DA:32,1
DA:34,1
DA:37,3
DA:38,1
DA:41,3
DA:42,1
DA:45,4
DA:46,4
DA:47,4
DA:49,3
DA:51,3
DA:52,1
DA:53,1
DA:54,1
DA:56,1
DA:68,3
DA:69,1
DA:70,1
DA:72,3
DA:75,3
DA:76,1
DA:79,3
DA:80,1
LF:35
LH:35
BRDA:12,0,0,0
BRDA:12,0,1,5
BRDA:12,1,0,5
BRDA:12,1,1,5
BRDA:12,2,0,0
BRDA:12,2,1,5
BRDA:12,3,0,5
BRDA:12,3,1,5
BRDA:12,4,0,0
BRDA:12,4,1,5
BRDA:12,5,0,5
BRDA:12,5,1,5
BRDA:12,6,0,0
BRDA:12,6,1,5
BRDA:12,7,0,5
BRDA:12,7,1,5
BRDA:12,8,0,0
BRDA:12,8,1,5
BRDA:12,9,0,5
BRDA:12,9,1,5
BRDA:17,10,0,0
BRDA:17,10,1,5
BRDA:47,11,0,1
BRDA:54,12,0,0
BRDA:62,13,0,0
BRDA:62,13,1,1
BRF:26
BRH:18
end_of_record
TN:
SF:src\express\services\user.service.ts
FN:7,(anonymous_14)
FN:7,(anonymous_15)
FN:11,(anonymous_16)
FN:11,(anonymous_17)
FN:15,(anonymous_18)
FN:15,(anonymous_19)
FN:19,(anonymous_20)
FN:19,(anonymous_21)
FN:23,(anonymous_22)
FN:23,(anonymous_23)
FN:27,(anonymous_24)
FN:27,(anonymous_25)
FN:31,(anonymous_26)
FN:31,(anonymous_27)
FN:35,(anonymous_28)
FN:35,(anonymous_29)
FNF:16
FNH:16
FNDA:9,(anonymous_14)
FNDA:9,(anonymous_15)
FNDA:4,(anonymous_16)
FNDA:4,(anonymous_17)
FNDA:3,(anonymous_18)
FNDA:3,(anonymous_19)
FNDA:5,(anonymous_20)
FNDA:5,(anonymous_21)
FNDA:2,(anonymous_22)
FNDA:2,(anonymous_23)
FNDA:2,(anonymous_24)
FNDA:2,(anonymous_25)
FNDA:9,(anonymous_26)
FNDA:9,(anonymous_27)
FNDA:1,(anonymous_28)
FNDA:1,(anonymous_29)
DA:3,3
DA:4,3
DA:5,3
DA:7,9
DA:8,9
DA:11,4
DA:12,4
DA:15,3
DA:16,3
DA:19,5
DA:20,5
DA:23,3
DA:24,2
DA:27,3
DA:28,2
DA:31,9
DA:32,9
DA:35,3
DA:36,1
DA:37,0
DA:40,1
DA:41,0
DA:44,1
DA:45,1
DA:46,0
DA:47,0
DA:49,0
DA:53,1
LF:28
LH:23
BRDA:36,0,0,0
BRDA:36,1,0,1
BRDA:36,1,1,0
BRDA:40,2,0,0
BRDA:40,3,0,1
BRDA:40,3,1,1
BRDA:45,4,0,0
BRF:7
BRH:3
end_of_record
TN:
SF:src\mongo\models\post.model.ts
FNF:0
FNH:0
DA:1,3
DA:2,3
DA:5,3
DA:31,3
LF:4
LH:4
BRF:0
BRH:0
end_of_record
TN:
SF:src\mongo\models\user.model.ts
FNF:0
FNH:0
DA:1,3
DA:3,3
DA:5,3
DA:19,3
LF:4
LH:4
BRF:0
BRH:0
end_of_record
TN:
SF:src\mongo\repositories\post.repository.ts
FN:6,(anonymous_8)
FN:6,(anonymous_9)
FN:10,(anonymous_10)
FN:10,(anonymous_11)
FN:14,(anonymous_12)
FN:14,(anonymous_13)
FN:18,(anonymous_14)
FN:18,(anonymous_15)
FN:22,(anonymous_16)
FN:22,(anonymous_17)
FN:26,(anonymous_18)
FN:26,(anonymous_19)
FN:30,(anonymous_20)
FN:30,(anonymous_21)
FN:34,(anonymous_22)
FN:34,(anonymous_23)
FNF:16
FNH:14
FNDA:1,(anonymous_8)
FNDA:1,(anonymous_9)
FNDA:1,(anonymous_10)
FNDA:1,(anonymous_11)
FNDA:1,(anonymous_12)
FNDA:1,(anonymous_13)
FNDA:0,(anonymous_14)
FNDA:0,(anonymous_15)
FNDA:1,(anonymous_16)
FNDA:1,(anonymous_17)
FNDA:7,(anonymous_18)
FNDA:7,(anonymous_19)
FNDA:1,(anonymous_20)
FNDA:1,(anonymous_21)
FNDA:1,(anonymous_22)
FNDA:1,(anonymous_23)
DA:1,3
DA:4,3
DA:6,3
DA:7,1
DA:10,3
DA:11,1
DA:14,3
DA:15,1
DA:18,3
DA:19,0
DA:22,3
DA:23,1
DA:26,7
DA:27,7
DA:30,3
DA:31,1
DA:34,3
DA:35,1
LF:18
LH:17
BRF:0
BRH:0
end_of_record
TN:
SF:src\mongo\repositories\user.repository.ts
FN:5,(anonymous_8)
FN:5,(anonymous_9)
FN:9,(anonymous_10)
FN:9,(anonymous_11)
FN:13,(anonymous_12)
FN:13,(anonymous_13)
FN:17,(anonymous_14)
FN:17,(anonymous_15)
FN:21,(anonymous_16)
FN:21,(anonymous_17)
FN:25,(anonymous_18)
FN:25,(anonymous_19)
FN:29,(anonymous_20)
FN:29,(anonymous_21)
FN:33,(anonymous_22)
FN:33,(anonymous_23)
FN:36,(anonymous_24)
FN:36,(anonymous_25)
FNF:18
FNH:16
FNDA:9,(anonymous_8)
FNDA:9,(anonymous_9)
FNDA:3,(anonymous_10)
FNDA:3,(anonymous_11)
FNDA:0,(anonymous_12)
FNDA:0,(anonymous_13)
FNDA:10,(anonymous_14)
FNDA:10,(anonymous_15)
FNDA:1,(anonymous_16)
FNDA:1,(anonymous_17)
FNDA:4,(anonymous_18)
FNDA:4,(anonymous_19)
FNDA:5,(anonymous_20)
FNDA:5,(anonymous_21)
FNDA:2,(anonymous_22)
FNDA:2,(anonymous_23)
FNDA:2,(anonymous_24)
FNDA:2,(anonymous_25)
DA:1,3
DA:3,3
DA:5,9
DA:6,9
DA:9,3
DA:10,3
DA:13,3
DA:14,0
DA:17,10
DA:18,10
DA:21,3
DA:22,1
DA:25,4
DA:26,4
DA:29,5
DA:30,5
DA:33,3
DA:34,2
DA:36,3
DA:37,2
LF:20
LH:19
BRF:0
BRH:0
end_of_record
TN:
SF:src\utils\wrapController.ts
FN:4,(anonymous_0)
FN:5,(anonymous_1)
FNF:2
FNH:2
FNDA:42,(anonymous_0)
FNDA:28,(anonymous_1)
DA:4,3
DA:5,42
DA:6,28
LF:3
LH:3
BRF:0
BRH:0
end_of_record
